{"uid":"72edc996fb69f375","name":"createEntity","fullName":"tests.gui.PositiveUITests.createEntity","historyId":"19a673b7c41fd2aae7003ffebca644bf","time":{"start":1717695026195,"stop":1717695028952,"duration":2757},"status":"passed","flaky":false,"newFailed":false,"newBroken":false,"newPassed":false,"retriesCount":0,"retriesStatusChange":false,"beforeStages":[{"name":"setupBrowser","time":{"start":1717695023447,"stop":1717695026192,"duration":2745},"description":"","status":"passed","steps":[{"name":"$(\"open\") https://app.testiny.io/","time":{"start":1717695023447,"stop":1717695024776,"duration":1329},"status":"passed","steps":[{"name":"$(\"webdriver\") create()","time":{"start":1717695023471,"stop":1717695023790,"duration":319},"status":"passed","steps":[],"attachments":[],"parameters":[],"shouldDisplayMessage":false,"stepsCount":0,"attachmentsCount":0,"hasContent":false}],"attachments":[],"parameters":[],"shouldDisplayMessage":false,"stepsCount":1,"attachmentsCount":0,"hasContent":true},{"name":"$(\"#:r0:\") should be(visible)","time":{"start":1717695024776,"stop":1717695025111,"duration":335},"status":"passed","steps":[],"attachments":[],"parameters":[],"shouldDisplayMessage":false,"stepsCount":0,"attachmentsCount":0,"hasContent":false},{"name":"$(\"#:r0:\") send keys(alesya.olejnik@inbox.ru)","time":{"start":1717695025111,"stop":1717695025228,"duration":117},"status":"passed","steps":[],"attachments":[],"parameters":[],"shouldDisplayMessage":false,"stepsCount":0,"attachmentsCount":0,"hasContent":false},{"name":"$(\"#:r2:\") should be(visible)","time":{"start":1717695025229,"stop":1717695025255,"duration":26},"status":"passed","steps":[],"attachments":[],"parameters":[],"shouldDisplayMessage":false,"stepsCount":0,"attachmentsCount":0,"hasContent":false},{"name":"$(\"#:r2:\") send keys(navHy4-domgyt-dihhyt)","time":{"start":1717695025256,"stop":1717695025341,"duration":85},"status":"passed","steps":[],"attachments":[],"parameters":[],"shouldDisplayMessage":false,"stepsCount":0,"attachmentsCount":0,"hasContent":false},{"name":"$(\"By.xpath: //*[@data-testid='button-login']\") should be(clickable: interactable and enabled)","time":{"start":1717695025341,"stop":1717695026138,"duration":797},"status":"passed","steps":[],"attachments":[],"parameters":[],"shouldDisplayMessage":false,"stepsCount":0,"attachmentsCount":0,"hasContent":false},{"name":"$(\"By.xpath: //*[@data-testid='button-login']\") click()","time":{"start":1717695026138,"stop":1717695026192,"duration":54},"status":"passed","steps":[],"attachments":[],"parameters":[],"shouldDisplayMessage":false,"stepsCount":0,"attachmentsCount":0,"hasContent":false}],"attachments":[],"parameters":[],"shouldDisplayMessage":false,"stepsCount":8,"attachmentsCount":0,"hasContent":true}],"testStage":{"status":"passed","steps":[{"name":"$(\"[data-testid='item-testcases']\") should be(clickable: interactable and enabled)","time":{"start":1717695026196,"stop":1717695027292,"duration":1096},"status":"passed","steps":[],"attachments":[],"parameters":[],"shouldDisplayMessage":false,"stepsCount":0,"attachmentsCount":0,"hasContent":false},{"name":"$(\"[data-testid='item-testcases']\") click()","time":{"start":1717695027295,"stop":1717695027350,"duration":55},"status":"passed","steps":[],"attachments":[],"parameters":[],"shouldDisplayMessage":false,"stepsCount":0,"attachmentsCount":0,"hasContent":false},{"name":"$(\"[data-testid='button-add_TC']\") should be(clickable: interactable and enabled)","time":{"start":1717695027351,"stop":1717695027814,"duration":463},"status":"passed","steps":[],"attachments":[],"parameters":[],"shouldDisplayMessage":false,"stepsCount":0,"attachmentsCount":0,"hasContent":false},{"name":"$(\"[data-testid='button-add_TC']\") click()","time":{"start":1717695027814,"stop":1717695027983,"duration":169},"status":"passed","steps":[],"attachments":[],"parameters":[],"shouldDisplayMessage":false,"stepsCount":0,"attachmentsCount":0,"hasContent":false},{"name":"$(\"[placeholder='New test case']\") should be(visible)","time":{"start":1717695027983,"stop":1717695028017,"duration":34},"status":"passed","steps":[],"attachments":[],"parameters":[],"shouldDisplayMessage":false,"stepsCount":0,"attachmentsCount":0,"hasContent":false},{"name":"$(\"[placeholder='New test case']\") send keys(05018d8b-b4d5-45a8-b3f0-58ad5acbf471)","time":{"start":1717695028017,"stop":1717695028178,"duration":161},"status":"passed","steps":[],"attachments":[],"parameters":[],"shouldDisplayMessage":false,"stepsCount":0,"attachmentsCount":0,"hasContent":false},{"name":"$(\"[data-testid='button-save-entity']\") should be(clickable: interactable and enabled)","time":{"start":1717695028179,"stop":1717695028203,"duration":24},"status":"passed","steps":[],"attachments":[],"parameters":[],"shouldDisplayMessage":false,"stepsCount":0,"attachmentsCount":0,"hasContent":false},{"name":"$(\"[data-testid='button-save-entity']\") click()","time":{"start":1717695028203,"stop":1717695028261,"duration":58},"status":"passed","steps":[],"attachments":[],"parameters":[],"shouldDisplayMessage":false,"stepsCount":0,"attachmentsCount":0,"hasContent":false},{"name":"$(\"by text: 05018d8b-b4d5-45a8-b3f0-58ad5acbf471\") should be(visible)","time":{"start":1717695028261,"stop":1717695028510,"duration":249},"status":"passed","steps":[],"attachments":[],"parameters":[],"shouldDisplayMessage":false,"stepsCount":0,"attachmentsCount":0,"hasContent":false},{"name":"$(\"By.xpath: //tr[@class='table-header-row']//div[@class='sc-kBRnVi eHrERp']//div//*[name()='svg']//*[name()='use' and contains(@href,'#icon-chec')]\") should be(clickable: interactable and enabled)","time":{"start":1717695028510,"stop":1717695028533,"duration":23},"status":"passed","steps":[],"attachments":[],"parameters":[],"shouldDisplayMessage":false,"stepsCount":0,"attachmentsCount":0,"hasContent":false},{"name":"$(\"By.xpath: //tr[@class='table-header-row']//div[@class='sc-kBRnVi eHrERp']//div//*[name()='svg']//*[name()='use' and contains(@href,'#icon-chec')]\") click()","time":{"start":1717695028533,"stop":1717695028602,"duration":69},"status":"passed","steps":[],"attachments":[],"parameters":[],"shouldDisplayMessage":false,"stepsCount":0,"attachmentsCount":0,"hasContent":false},{"name":"$(\"[data-testid='button-delete']\") should be(clickable: interactable and enabled)","time":{"start":1717695028602,"stop":1717695028623,"duration":21},"status":"passed","steps":[],"attachments":[],"parameters":[],"shouldDisplayMessage":false,"stepsCount":0,"attachmentsCount":0,"hasContent":false},{"name":"$(\"[data-testid='button-delete']\") click()","time":{"start":1717695028623,"stop":1717695028667,"duration":44},"status":"passed","steps":[],"attachments":[],"parameters":[],"shouldDisplayMessage":false,"stepsCount":0,"attachmentsCount":0,"hasContent":false},{"name":"$(\"[data-testid='button-affirm']\") should be(clickable: interactable and enabled)","time":{"start":1717695028667,"stop":1717695028904,"duration":237},"status":"passed","steps":[],"attachments":[],"parameters":[],"shouldDisplayMessage":false,"stepsCount":0,"attachmentsCount":0,"hasContent":false},{"name":"$(\"[data-testid='button-affirm']\") click()","time":{"start":1717695028905,"stop":1717695028952,"duration":47},"status":"passed","steps":[],"attachments":[],"parameters":[],"shouldDisplayMessage":false,"stepsCount":0,"attachmentsCount":0,"hasContent":false}],"attachments":[],"parameters":[],"shouldDisplayMessage":false,"stepsCount":15,"attachmentsCount":0,"hasContent":true},"afterStages":[{"name":"closeBrowser","time":{"start":1717695028953,"stop":1717695029056,"duration":103},"description":"","status":"passed","steps":[{"name":"$(\"current window\") close()","time":{"start":1717695028953,"stop":1717695029056,"duration":103},"status":"passed","steps":[],"attachments":[],"parameters":[],"shouldDisplayMessage":false,"stepsCount":0,"attachmentsCount":0,"hasContent":false}],"attachments":[],"parameters":[],"shouldDisplayMessage":false,"stepsCount":1,"attachmentsCount":0,"hasContent":true}],"labels":[{"name":"package","value":"tests.gui.PositiveUITests"},{"name":"testClass","value":"tests.gui.PositiveUITests"},{"name":"testMethod","value":"createEntity"},{"name":"parentSuite","value":"Surefire suite"},{"name":"suite","value":"Surefire test"},{"name":"subSuite","value":"tests.gui.PositiveUITests"},{"name":"host","value":"fv-az1487-671"},{"name":"thread","value":"3861@fv-az1487-671.main(1)"},{"name":"framework","value":"testng"},{"name":"language","value":"java"},{"name":"resultFormat","value":"allure2"}],"parameters":[],"links":[],"hidden":false,"retry":false,"extra":{"severity":"normal","retries":[],"categories":[],"history":{"statistic":{"failed":0,"broken":0,"skipped":13,"passed":1,"unknown":0,"total":14},"items":[{"uid":"426dd2a3891a3c6f","reportUrl":"https://AlesyaOlejnik.github.io/FinalProject/34//#testresult/426dd2a3891a3c6f","status":"skipped","statusDetails":"Test tests.gui.PositiveUITests.setupBrowser failed (3 failures)\n\torg.openqa.selenium.SessionNotCreatedException: Could not start a new session. Response code 500. Message: session not created: Chrome failed to start: exited normally.\n  (session not created: DevToolsActivePort file doesn't exist)\n  (The process started from chrome location /usr/bin/google-chrome is no longer running, so ChromeDriver is assuming that Chrome has crashed.) \nHost info: host: 'fv-az1456-98', ip: '10.1.0.18'\nBuild info: version: '4.19.1', revision: 'abe0ee07dc'\nSystem info: os.name: 'Linux', os.arch: 'amd64', os.version: '6.5.0-1021-azure', java.version: '17.0.11'\nDriver info: org.openqa.selenium.chrome.ChromeDriver\nCommand: [null, newSession {capabilities=[Capabilities {acceptInsecureCerts: true, browserName: chrome, goog:chromeOptions: {args: [--proxy-bypass-list=<-loopb..., --disable-dev-shm-usage, --window-size=1920,1080], binary: /usr/bin/google-chrome, excludeSwitches: [enable-automation, load-extension], extensions: [], prefs: {credentials_enable_service: false, download.default_directory: /home/runner/work/FinalProj..., plugins.always_open_pdf_externally: true, profile.default_content_setting_values.automatic_downloads: 1, profile.password_manager_enabled: false, profile.password_manager_leak_detection: false, safebrowsing.enabled: true}}, pageLoadStrategy: normal, unhandledPromptBehavior: accept}]}]\nselenide.url: https://app.testiny.io/\nselenide.baseUrl: https://app.testiny.io\n\torg.openqa.selenium.SessionNotCreatedException: Could not start a new session. Response code 500. Message: session not created: Chrome failed to start: exited normally.\n  (session not created: DevToolsActivePort file doesn't exist)\n  (The process started from chrome location /usr/bin/google-chrome is no longer running, so ChromeDriver is assuming that Chrome has crashed.) \nHost info: host: 'fv-az1456-98', ip: '10.1.0.18'\nBuild info: version: '4.19.1', revision: 'abe0ee07dc'\nSystem info: os.name: 'Linux', os.arch: 'amd64', os.version: '6.5.0-1021-azure', java.version: '17.0.11'\nDriver info: org.openqa.selenium.chrome.ChromeDriver\nCommand: [null, newSession {capabilities=[Capabilities {acceptInsecureCerts: true, browserName: chrome, goog:chromeOptions: {args: [--proxy-bypass-list=<-loopb..., --disable-dev-shm-usage, --window-size=1920,1080], binary: /usr/bin/google-chrome, excludeSwitches: [enable-automation, load-extension], extensions: [], prefs: {credentials_enable_service: false, download.default_directory: /home/runner/work/FinalProj..., plugins.always_open_pdf_externally: true, profile.default_content_setting_values.automatic_downloads: 1, profile.password_manager_enabled: false, profile.password_manager_leak_detection: false, safebrowsing.enabled: true}}, pageLoadStrategy: normal, unhandledPromptBehavior: accept}]}]\nselenide.url: https://app.testiny.io/\nselenide.baseUrl: https://app.testiny.io\n\torg.openqa.selenium.SessionNotCreatedException: Could not start a new session. Response code 500. Message: session not created: Chrome failed to start: exited normally.\n  (session not created: DevToolsActivePort file doesn't exist)\n  (The process started from chrome location /usr/bin/google-chrome is no longer running, so ChromeDriver is assuming that Chrome has crashed.) \nHost info: host: 'fv-az1456-98', ip: '10.1.0.18'\nBuild info: version: '4.19.1', revision: 'abe0ee07dc'\nSystem info: os.name: 'Linux', os.arch: 'amd64', os.version: '6.5.0-1021-azure', java.version: '17.0.11'\nDriver info: org.openqa.selenium.chrome.ChromeDriver\nCommand: [null, newSession {capabilities=[Capabilities {acceptInsecureCerts: true, browserName: chrome, goog:chromeOptions: {args: [--proxy-bypass-list=<-loopb..., --disable-dev-shm-usage, --window-size=1920,1080], binary: /usr/bin/google-chrome, excludeSwitches: [enable-automation, load-extension], extensions: [], prefs: {credentials_enable_service: false, download.default_directory: /home/runner/work/FinalProj..., plugins.always_open_pdf_externally: true, profile.default_content_setting_values.automatic_downloads: 1, profile.password_manager_enabled: false, profile.password_manager_leak_detection: false, safebrowsing.enabled: true}}, pageLoadStrategy: normal, unhandledPromptBehavior: accept}]}]\nselenide.url: https://app.testiny.io/\nselenide.baseUrl: https://app.testiny.io","time":{"start":1717691408639,"stop":1717691408650,"duration":11}},{"uid":"6b668d1deb8ced3a","reportUrl":"https://AlesyaOlejnik.github.io/FinalProject/33//#testresult/6b668d1deb8ced3a","status":"skipped","statusDetails":"Test tests.gui.PositiveUITests.setupBrowser failed (3 failures)\n\torg.openqa.selenium.SessionNotCreatedException: Could not start a new session. Response code 500. Message: Process unexpectedly closed with status 1 \nHost info: host: 'fv-az2022-813', ip: '10.1.0.11'\nBuild info: version: '4.19.1', revision: 'abe0ee07dc'\nSystem info: os.name: 'Linux', os.arch: 'amd64', os.version: '6.5.0-1021-azure', java.version: '17.0.11'\nDriver info: org.openqa.selenium.firefox.FirefoxDriver\nCommand: [null, newSession {capabilities=[Capabilities {acceptInsecureCerts: true, browserName: firefox, moz:debuggerAddress: true, moz:firefoxOptions: {binary: /usr/bin/firefox, prefs: {browser.download.dir: /home/runner/work/FinalProj..., browser.download.folderList: 2, browser.helperApps.neverAsk.saveToDisk: video/3gpp;video/3gpp2;appl..., network.automatic-ntlm-auth.allow-non-fqdn: true, network.automatic-ntlm-auth.trusted-uris: http://,https://, network.http.phishy-userpass-length: 255, network.negotiate-auth.delegation-uris: http://,https://, network.negotiate-auth.trusted-uris: http://,https://, network.proxy.allow_hijacking_localhost: true, network.proxy.no_proxies_on: , pdfjs.disabled: true, security.csp.enable: false}}, pageLoadStrategy: normal, unhandledPromptBehavior: accept}]}]\nselenide.url: https://app.testiny.io/\nselenide.baseUrl: https://app.testiny.io\n\torg.openqa.selenium.SessionNotCreatedException: Could not start a new session. Response code 500. Message: Process unexpectedly closed with status 1 \nHost info: host: 'fv-az2022-813', ip: '10.1.0.11'\nBuild info: version: '4.19.1', revision: 'abe0ee07dc'\nSystem info: os.name: 'Linux', os.arch: 'amd64', os.version: '6.5.0-1021-azure', java.version: '17.0.11'\nDriver info: org.openqa.selenium.firefox.FirefoxDriver\nCommand: [null, newSession {capabilities=[Capabilities {acceptInsecureCerts: true, browserName: firefox, moz:debuggerAddress: true, moz:firefoxOptions: {binary: /usr/bin/firefox, prefs: {browser.download.dir: /home/runner/work/FinalProj..., browser.download.folderList: 2, browser.helperApps.neverAsk.saveToDisk: video/3gpp;video/3gpp2;appl..., network.automatic-ntlm-auth.allow-non-fqdn: true, network.automatic-ntlm-auth.trusted-uris: http://,https://, network.http.phishy-userpass-length: 255, network.negotiate-auth.delegation-uris: http://,https://, network.negotiate-auth.trusted-uris: http://,https://, network.proxy.allow_hijacking_localhost: true, network.proxy.no_proxies_on: , pdfjs.disabled: true, security.csp.enable: false}}, pageLoadStrategy: normal, unhandledPromptBehavior: accept}]}]\nselenide.url: https://app.testiny.io/\nselenide.baseUrl: https://app.testiny.io\n\torg.openqa.selenium.SessionNotCreatedException: Could not start a new session. Response code 500. Message: Process unexpectedly closed with status 1 \nHost info: host: 'fv-az2022-813', ip: '10.1.0.11'\nBuild info: version: '4.19.1', revision: 'abe0ee07dc'\nSystem info: os.name: 'Linux', os.arch: 'amd64', os.version: '6.5.0-1021-azure', java.version: '17.0.11'\nDriver info: org.openqa.selenium.firefox.FirefoxDriver\nCommand: [null, newSession {capabilities=[Capabilities {acceptInsecureCerts: true, browserName: firefox, moz:debuggerAddress: true, moz:firefoxOptions: {binary: /usr/bin/firefox, prefs: {browser.download.dir: /home/runner/work/FinalProj..., browser.download.folderList: 2, browser.helperApps.neverAsk.saveToDisk: video/3gpp;video/3gpp2;appl..., network.automatic-ntlm-auth.allow-non-fqdn: true, network.automatic-ntlm-auth.trusted-uris: http://,https://, network.http.phishy-userpass-length: 255, network.negotiate-auth.delegation-uris: http://,https://, network.negotiate-auth.trusted-uris: http://,https://, network.proxy.allow_hijacking_localhost: true, network.proxy.no_proxies_on: , pdfjs.disabled: true, security.csp.enable: false}}, pageLoadStrategy: normal, unhandledPromptBehavior: accept}]}]\nselenide.url: https://app.testiny.io/\nselenide.baseUrl: https://app.testiny.io","time":{"start":1717691321576,"stop":1717691321577,"duration":1}},{"uid":"eb0aa582c01c2cb1","reportUrl":"https://AlesyaOlejnik.github.io/FinalProject/32//#testresult/eb0aa582c01c2cb1","status":"skipped","statusDetails":"Test tests.gui.PositiveUITests.setupBrowser failed (3 failures)\n\torg.openqa.selenium.SessionNotCreatedException: Could not start a new session. Response code 500. Message: Process unexpectedly closed with status 1 \nHost info: host: 'fv-az1756-250', ip: '10.1.0.160'\nBuild info: version: '4.19.1', revision: 'abe0ee07dc'\nSystem info: os.name: 'Linux', os.arch: 'amd64', os.version: '6.5.0-1021-azure', java.version: '17.0.11'\nDriver info: org.openqa.selenium.firefox.FirefoxDriver\nCommand: [null, newSession {capabilities=[Capabilities {acceptInsecureCerts: true, browserName: firefox, moz:debuggerAddress: true, moz:firefoxOptions: {binary: /usr/bin/firefox, prefs: {browser.download.dir: /home/runner/work/FinalProj..., browser.download.folderList: 2, browser.helperApps.neverAsk.saveToDisk: video/3gpp;video/3gpp2;appl..., network.automatic-ntlm-auth.allow-non-fqdn: true, network.automatic-ntlm-auth.trusted-uris: http://,https://, network.http.phishy-userpass-length: 255, network.negotiate-auth.delegation-uris: http://,https://, network.negotiate-auth.trusted-uris: http://,https://, network.proxy.allow_hijacking_localhost: true, network.proxy.no_proxies_on: , pdfjs.disabled: true, security.csp.enable: false}}, pageLoadStrategy: normal, unhandledPromptBehavior: accept}]}]\nselenide.url: https://app.testiny.io/\nselenide.baseUrl: https://app.testiny.io\n\torg.openqa.selenium.SessionNotCreatedException: Could not start a new session. Response code 500. Message: Process unexpectedly closed with status 1 \nHost info: host: 'fv-az1756-250', ip: '10.1.0.160'\nBuild info: version: '4.19.1', revision: 'abe0ee07dc'\nSystem info: os.name: 'Linux', os.arch: 'amd64', os.version: '6.5.0-1021-azure', java.version: '17.0.11'\nDriver info: org.openqa.selenium.firefox.FirefoxDriver\nCommand: [null, newSession {capabilities=[Capabilities {acceptInsecureCerts: true, browserName: firefox, moz:debuggerAddress: true, moz:firefoxOptions: {binary: /usr/bin/firefox, prefs: {browser.download.dir: /home/runner/work/FinalProj..., browser.download.folderList: 2, browser.helperApps.neverAsk.saveToDisk: video/3gpp;video/3gpp2;appl..., network.automatic-ntlm-auth.allow-non-fqdn: true, network.automatic-ntlm-auth.trusted-uris: http://,https://, network.http.phishy-userpass-length: 255, network.negotiate-auth.delegation-uris: http://,https://, network.negotiate-auth.trusted-uris: http://,https://, network.proxy.allow_hijacking_localhost: true, network.proxy.no_proxies_on: , pdfjs.disabled: true, security.csp.enable: false}}, pageLoadStrategy: normal, unhandledPromptBehavior: accept}]}]\nselenide.url: https://app.testiny.io/\nselenide.baseUrl: https://app.testiny.io\n\torg.openqa.selenium.SessionNotCreatedException: Could not start a new session. Response code 500. Message: Process unexpectedly closed with status 1 \nHost info: host: 'fv-az1756-250', ip: '10.1.0.160'\nBuild info: version: '4.19.1', revision: 'abe0ee07dc'\nSystem info: os.name: 'Linux', os.arch: 'amd64', os.version: '6.5.0-1021-azure', java.version: '17.0.11'\nDriver info: org.openqa.selenium.firefox.FirefoxDriver\nCommand: [null, newSession {capabilities=[Capabilities {acceptInsecureCerts: true, browserName: firefox, moz:debuggerAddress: true, moz:firefoxOptions: {binary: /usr/bin/firefox, prefs: {browser.download.dir: /home/runner/work/FinalProj..., browser.download.folderList: 2, browser.helperApps.neverAsk.saveToDisk: video/3gpp;video/3gpp2;appl..., network.automatic-ntlm-auth.allow-non-fqdn: true, network.automatic-ntlm-auth.trusted-uris: http://,https://, network.http.phishy-userpass-length: 255, network.negotiate-auth.delegation-uris: http://,https://, network.negotiate-auth.trusted-uris: http://,https://, network.proxy.allow_hijacking_localhost: true, network.proxy.no_proxies_on: , pdfjs.disabled: true, security.csp.enable: false}}, pageLoadStrategy: normal, unhandledPromptBehavior: accept}]}]\nselenide.url: https://app.testiny.io/\nselenide.baseUrl: https://app.testiny.io","time":{"start":1717691206965,"stop":1717691206966,"duration":1}},{"uid":"485957c4a6638205","reportUrl":"https://AlesyaOlejnik.github.io/FinalProject/31//#testresult/485957c4a6638205","status":"skipped","statusDetails":"Test tests.gui.PositiveUITests.setupBrowser failed (3 failures)\n\torg.openqa.selenium.SessionNotCreatedException: Could not start a new session. Response code 500. Message: Process unexpectedly closed with status 1 \nHost info: host: 'fv-az1242-534', ip: '10.1.1.126'\nBuild info: version: '4.19.1', revision: 'abe0ee07dc'\nSystem info: os.name: 'Linux', os.arch: 'amd64', os.version: '6.5.0-1021-azure', java.version: '17.0.11'\nDriver info: org.openqa.selenium.firefox.FirefoxDriver\nCommand: [null, newSession {capabilities=[Capabilities {acceptInsecureCerts: true, browserName: firefox, moz:debuggerAddress: true, moz:firefoxOptions: {binary: /usr/bin/firefox, prefs: {browser.download.dir: /home/runner/work/FinalProj..., browser.download.folderList: 2, browser.helperApps.neverAsk.saveToDisk: video/3gpp;video/3gpp2;appl..., network.automatic-ntlm-auth.allow-non-fqdn: true, network.automatic-ntlm-auth.trusted-uris: http://,https://, network.http.phishy-userpass-length: 255, network.negotiate-auth.delegation-uris: http://,https://, network.negotiate-auth.trusted-uris: http://,https://, network.proxy.allow_hijacking_localhost: true, network.proxy.no_proxies_on: , pdfjs.disabled: true, security.csp.enable: false}}, pageLoadStrategy: normal, unhandledPromptBehavior: accept}]}]\nselenide.url: https://app.testiny.io/\nselenide.baseUrl: https://app.testiny.io\n\torg.openqa.selenium.SessionNotCreatedException: Could not start a new session. Response code 500. Message: Process unexpectedly closed with status 1 \nHost info: host: 'fv-az1242-534', ip: '10.1.1.126'\nBuild info: version: '4.19.1', revision: 'abe0ee07dc'\nSystem info: os.name: 'Linux', os.arch: 'amd64', os.version: '6.5.0-1021-azure', java.version: '17.0.11'\nDriver info: org.openqa.selenium.firefox.FirefoxDriver\nCommand: [null, newSession {capabilities=[Capabilities {acceptInsecureCerts: true, browserName: firefox, moz:debuggerAddress: true, moz:firefoxOptions: {binary: /usr/bin/firefox, prefs: {browser.download.dir: /home/runner/work/FinalProj..., browser.download.folderList: 2, browser.helperApps.neverAsk.saveToDisk: video/3gpp;video/3gpp2;appl..., network.automatic-ntlm-auth.allow-non-fqdn: true, network.automatic-ntlm-auth.trusted-uris: http://,https://, network.http.phishy-userpass-length: 255, network.negotiate-auth.delegation-uris: http://,https://, network.negotiate-auth.trusted-uris: http://,https://, network.proxy.allow_hijacking_localhost: true, network.proxy.no_proxies_on: , pdfjs.disabled: true, security.csp.enable: false}}, pageLoadStrategy: normal, unhandledPromptBehavior: accept}]}]\nselenide.url: https://app.testiny.io/\nselenide.baseUrl: https://app.testiny.io\n\torg.openqa.selenium.SessionNotCreatedException: Could not start a new session. Response code 500. Message: Process unexpectedly closed with status 1 \nHost info: host: 'fv-az1242-534', ip: '10.1.1.126'\nBuild info: version: '4.19.1', revision: 'abe0ee07dc'\nSystem info: os.name: 'Linux', os.arch: 'amd64', os.version: '6.5.0-1021-azure', java.version: '17.0.11'\nDriver info: org.openqa.selenium.firefox.FirefoxDriver\nCommand: [null, newSession {capabilities=[Capabilities {acceptInsecureCerts: true, browserName: firefox, moz:debuggerAddress: true, moz:firefoxOptions: {binary: /usr/bin/firefox, prefs: {browser.download.dir: /home/runner/work/FinalProj..., browser.download.folderList: 2, browser.helperApps.neverAsk.saveToDisk: video/3gpp;video/3gpp2;appl..., network.automatic-ntlm-auth.allow-non-fqdn: true, network.automatic-ntlm-auth.trusted-uris: http://,https://, network.http.phishy-userpass-length: 255, network.negotiate-auth.delegation-uris: http://,https://, network.negotiate-auth.trusted-uris: http://,https://, network.proxy.allow_hijacking_localhost: true, network.proxy.no_proxies_on: , pdfjs.disabled: true, security.csp.enable: false}}, pageLoadStrategy: normal, unhandledPromptBehavior: accept}]}]\nselenide.url: https://app.testiny.io/\nselenide.baseUrl: https://app.testiny.io","time":{"start":1717691070847,"stop":1717691070848,"duration":1}},{"uid":"8d3aa1deb2cc06e0","reportUrl":"https://AlesyaOlejnik.github.io/FinalProject/30//#testresult/8d3aa1deb2cc06e0","status":"skipped","statusDetails":"Test tests.gui.PositiveUITests.setupBrowser failed (3 failures)\n\torg.openqa.selenium.SessionNotCreatedException: Could not start a new session. Response code 500. Message: session not created: Chrome failed to start: exited normally.\n  (session not created: DevToolsActivePort file doesn't exist)\n  (The process started from chrome location /usr/bin/google-chrome is no longer running, so ChromeDriver is assuming that Chrome has crashed.) \nHost info: host: 'fv-az1016-158', ip: '10.1.0.127'\nBuild info: version: '4.19.1', revision: 'abe0ee07dc'\nSystem info: os.name: 'Linux', os.arch: 'amd64', os.version: '6.5.0-1021-azure', java.version: '17.0.11'\nDriver info: org.openqa.selenium.chrome.ChromeDriver\nCommand: [null, newSession {capabilities=[Capabilities {acceptInsecureCerts: true, browserName: chrome, goog:chromeOptions: {args: [--proxy-bypass-list=<-loopb..., --disable-dev-shm-usage, --window-size=1920,1080], binary: /usr/bin/google-chrome, excludeSwitches: [enable-automation, load-extension], extensions: [], prefs: {credentials_enable_service: false, download.default_directory: /home/runner/work/FinalProj..., plugins.always_open_pdf_externally: true, profile.default_content_setting_values.automatic_downloads: 1, profile.password_manager_enabled: false, profile.password_manager_leak_detection: false, safebrowsing.enabled: true}}, pageLoadStrategy: normal, unhandledPromptBehavior: accept}]}]\nselenide.url: https://app.testiny.io/\nselenide.baseUrl: https://app.testiny.io\n\torg.openqa.selenium.SessionNotCreatedException: Could not start a new session. Response code 500. Message: session not created: Chrome failed to start: exited normally.\n  (session not created: DevToolsActivePort file doesn't exist)\n  (The process started from chrome location /usr/bin/google-chrome is no longer running, so ChromeDriver is assuming that Chrome has crashed.) \nHost info: host: 'fv-az1016-158', ip: '10.1.0.127'\nBuild info: version: '4.19.1', revision: 'abe0ee07dc'\nSystem info: os.name: 'Linux', os.arch: 'amd64', os.version: '6.5.0-1021-azure', java.version: '17.0.11'\nDriver info: org.openqa.selenium.chrome.ChromeDriver\nCommand: [null, newSession {capabilities=[Capabilities {acceptInsecureCerts: true, browserName: chrome, goog:chromeOptions: {args: [--proxy-bypass-list=<-loopb..., --disable-dev-shm-usage, --window-size=1920,1080], binary: /usr/bin/google-chrome, excludeSwitches: [enable-automation, load-extension], extensions: [], prefs: {credentials_enable_service: false, download.default_directory: /home/runner/work/FinalProj..., plugins.always_open_pdf_externally: true, profile.default_content_setting_values.automatic_downloads: 1, profile.password_manager_enabled: false, profile.password_manager_leak_detection: false, safebrowsing.enabled: true}}, pageLoadStrategy: normal, unhandledPromptBehavior: accept}]}]\nselenide.url: https://app.testiny.io/\nselenide.baseUrl: https://app.testiny.io\n\torg.openqa.selenium.SessionNotCreatedException: Could not start a new session. Response code 500. Message: session not created: Chrome failed to start: exited normally.\n  (session not created: DevToolsActivePort file doesn't exist)\n  (The process started from chrome location /usr/bin/google-chrome is no longer running, so ChromeDriver is assuming that Chrome has crashed.) \nHost info: host: 'fv-az1016-158', ip: '10.1.0.127'\nBuild info: version: '4.19.1', revision: 'abe0ee07dc'\nSystem info: os.name: 'Linux', os.arch: 'amd64', os.version: '6.5.0-1021-azure', java.version: '17.0.11'\nDriver info: org.openqa.selenium.chrome.ChromeDriver\nCommand: [null, newSession {capabilities=[Capabilities {acceptInsecureCerts: true, browserName: chrome, goog:chromeOptions: {args: [--proxy-bypass-list=<-loopb..., --disable-dev-shm-usage, --window-size=1920,1080], binary: /usr/bin/google-chrome, excludeSwitches: [enable-automation, load-extension], extensions: [], prefs: {credentials_enable_service: false, download.default_directory: /home/runner/work/FinalProj..., plugins.always_open_pdf_externally: true, profile.default_content_setting_values.automatic_downloads: 1, profile.password_manager_enabled: false, profile.password_manager_leak_detection: false, safebrowsing.enabled: true}}, pageLoadStrategy: normal, unhandledPromptBehavior: accept}]}]\nselenide.url: https://app.testiny.io/\nselenide.baseUrl: https://app.testiny.io","time":{"start":1717690921390,"stop":1717690921391,"duration":1}},{"uid":"eb7cba9958cd9461","reportUrl":"https://AlesyaOlejnik.github.io/FinalProject/29//#testresult/eb7cba9958cd9461","status":"skipped","statusDetails":"Test tests.gui.PositiveUITests.setupBrowser failed (3 failures)\n\torg.openqa.selenium.SessionNotCreatedException: Could not start a new session. Response code 500. Message: session not created: Chrome failed to start: exited normally.\n  (session not created: DevToolsActivePort file doesn't exist)\n  (The process started from chrome location /usr/bin/google-chrome is no longer running, so ChromeDriver is assuming that Chrome has crashed.) \nHost info: host: 'fv-az885-305', ip: '10.1.0.117'\nBuild info: version: '4.19.1', revision: 'abe0ee07dc'\nSystem info: os.name: 'Linux', os.arch: 'amd64', os.version: '6.5.0-1021-azure', java.version: '17.0.11'\nDriver info: org.openqa.selenium.chrome.ChromeDriver\nCommand: [null, newSession {capabilities=[Capabilities {acceptInsecureCerts: true, browserName: chrome, goog:chromeOptions: {args: [--proxy-bypass-list=<-loopb..., --disable-dev-shm-usage, --window-size=1920,1080], binary: /usr/bin/google-chrome, excludeSwitches: [enable-automation, load-extension], extensions: [], prefs: {credentials_enable_service: false, download.default_directory: /home/runner/work/FinalProj..., plugins.always_open_pdf_externally: true, profile.default_content_setting_values.automatic_downloads: 1, profile.password_manager_enabled: false, profile.password_manager_leak_detection: false, safebrowsing.enabled: true}}, pageLoadStrategy: normal, unhandledPromptBehavior: accept}]}]\nselenide.url: https://app.testiny.io/\nselenide.baseUrl: https://app.testiny.io\n\torg.openqa.selenium.SessionNotCreatedException: Could not start a new session. Response code 500. Message: session not created: Chrome failed to start: exited normally.\n  (session not created: DevToolsActivePort file doesn't exist)\n  (The process started from chrome location /usr/bin/google-chrome is no longer running, so ChromeDriver is assuming that Chrome has crashed.) \nHost info: host: 'fv-az885-305', ip: '10.1.0.117'\nBuild info: version: '4.19.1', revision: 'abe0ee07dc'\nSystem info: os.name: 'Linux', os.arch: 'amd64', os.version: '6.5.0-1021-azure', java.version: '17.0.11'\nDriver info: org.openqa.selenium.chrome.ChromeDriver\nCommand: [null, newSession {capabilities=[Capabilities {acceptInsecureCerts: true, browserName: chrome, goog:chromeOptions: {args: [--proxy-bypass-list=<-loopb..., --disable-dev-shm-usage, --window-size=1920,1080], binary: /usr/bin/google-chrome, excludeSwitches: [enable-automation, load-extension], extensions: [], prefs: {credentials_enable_service: false, download.default_directory: /home/runner/work/FinalProj..., plugins.always_open_pdf_externally: true, profile.default_content_setting_values.automatic_downloads: 1, profile.password_manager_enabled: false, profile.password_manager_leak_detection: false, safebrowsing.enabled: true}}, pageLoadStrategy: normal, unhandledPromptBehavior: accept}]}]\nselenide.url: https://app.testiny.io/\nselenide.baseUrl: https://app.testiny.io\n\torg.openqa.selenium.SessionNotCreatedException: Could not start a new session. Response code 500. Message: session not created: Chrome failed to start: exited normally.\n  (session not created: DevToolsActivePort file doesn't exist)\n  (The process started from chrome location /usr/bin/google-chrome is no longer running, so ChromeDriver is assuming that Chrome has crashed.) \nHost info: host: 'fv-az885-305', ip: '10.1.0.117'\nBuild info: version: '4.19.1', revision: 'abe0ee07dc'\nSystem info: os.name: 'Linux', os.arch: 'amd64', os.version: '6.5.0-1021-azure', java.version: '17.0.11'\nDriver info: org.openqa.selenium.chrome.ChromeDriver\nCommand: [null, newSession {capabilities=[Capabilities {acceptInsecureCerts: true, browserName: chrome, goog:chromeOptions: {args: [--proxy-bypass-list=<-loopb..., --disable-dev-shm-usage, --window-size=1920,1080], binary: /usr/bin/google-chrome, excludeSwitches: [enable-automation, load-extension], extensions: [], prefs: {credentials_enable_service: false, download.default_directory: /home/runner/work/FinalProj..., plugins.always_open_pdf_externally: true, profile.default_content_setting_values.automatic_downloads: 1, profile.password_manager_enabled: false, profile.password_manager_leak_detection: false, safebrowsing.enabled: true}}, pageLoadStrategy: normal, unhandledPromptBehavior: accept}]}]\nselenide.url: https://app.testiny.io/\nselenide.baseUrl: https://app.testiny.io","time":{"start":1717690693779,"stop":1717690693782,"duration":3}},{"uid":"b028bf39ab42d7ea","reportUrl":"https://AlesyaOlejnik.github.io/FinalProject/28//#testresult/b028bf39ab42d7ea","status":"skipped","statusDetails":"Test tests.gui.PositiveUITests.setupBrowser failed (3 failures)\n\torg.openqa.selenium.SessionNotCreatedException: Could not start a new session. Response code 500. Message: session not created: Chrome failed to start: exited normally.\n  (session not created: DevToolsActivePort file doesn't exist)\n  (The process started from chrome location /usr/bin/google-chrome is no longer running, so ChromeDriver is assuming that Chrome has crashed.) \nHost info: host: 'fv-az1383-897', ip: '10.1.0.204'\nBuild info: version: '4.19.1', revision: 'abe0ee07dc'\nSystem info: os.name: 'Linux', os.arch: 'amd64', os.version: '6.5.0-1021-azure', java.version: '17.0.11'\nDriver info: org.openqa.selenium.chrome.ChromeDriver\nCommand: [null, newSession {capabilities=[Capabilities {acceptInsecureCerts: true, browserName: chrome, goog:chromeOptions: {args: [--proxy-bypass-list=<-loopb..., --disable-dev-shm-usage, --window-size=1920,1080], binary: /usr/bin/google-chrome, excludeSwitches: [enable-automation, load-extension], extensions: [], prefs: {credentials_enable_service: false, download.default_directory: /home/runner/work/FinalProj..., plugins.always_open_pdf_externally: true, profile.default_content_setting_values.automatic_downloads: 1, profile.password_manager_enabled: false, profile.password_manager_leak_detection: false, safebrowsing.enabled: true}}, pageLoadStrategy: normal, unhandledPromptBehavior: accept}]}]\nselenide.url: https://app.testiny.io/\nselenide.baseUrl: https://app.testiny.io\n\torg.openqa.selenium.SessionNotCreatedException: Could not start a new session. Response code 500. Message: session not created: Chrome failed to start: exited normally.\n  (session not created: DevToolsActivePort file doesn't exist)\n  (The process started from chrome location /usr/bin/google-chrome is no longer running, so ChromeDriver is assuming that Chrome has crashed.) \nHost info: host: 'fv-az1383-897', ip: '10.1.0.204'\nBuild info: version: '4.19.1', revision: 'abe0ee07dc'\nSystem info: os.name: 'Linux', os.arch: 'amd64', os.version: '6.5.0-1021-azure', java.version: '17.0.11'\nDriver info: org.openqa.selenium.chrome.ChromeDriver\nCommand: [null, newSession {capabilities=[Capabilities {acceptInsecureCerts: true, browserName: chrome, goog:chromeOptions: {args: [--proxy-bypass-list=<-loopb..., --disable-dev-shm-usage, --window-size=1920,1080], binary: /usr/bin/google-chrome, excludeSwitches: [enable-automation, load-extension], extensions: [], prefs: {credentials_enable_service: false, download.default_directory: /home/runner/work/FinalProj..., plugins.always_open_pdf_externally: true, profile.default_content_setting_values.automatic_downloads: 1, profile.password_manager_enabled: false, profile.password_manager_leak_detection: false, safebrowsing.enabled: true}}, pageLoadStrategy: normal, unhandledPromptBehavior: accept}]}]\nselenide.url: https://app.testiny.io/\nselenide.baseUrl: https://app.testiny.io\n\torg.openqa.selenium.SessionNotCreatedException: Could not start a new session. Response code 500. Message: session not created: Chrome failed to start: exited normally.\n  (session not created: DevToolsActivePort file doesn't exist)\n  (The process started from chrome location /usr/bin/google-chrome is no longer running, so ChromeDriver is assuming that Chrome has crashed.) \nHost info: host: 'fv-az1383-897', ip: '10.1.0.204'\nBuild info: version: '4.19.1', revision: 'abe0ee07dc'\nSystem info: os.name: 'Linux', os.arch: 'amd64', os.version: '6.5.0-1021-azure', java.version: '17.0.11'\nDriver info: org.openqa.selenium.chrome.ChromeDriver\nCommand: [null, newSession {capabilities=[Capabilities {acceptInsecureCerts: true, browserName: chrome, goog:chromeOptions: {args: [--proxy-bypass-list=<-loopb..., --disable-dev-shm-usage, --window-size=1920,1080], binary: /usr/bin/google-chrome, excludeSwitches: [enable-automation, load-extension], extensions: [], prefs: {credentials_enable_service: false, download.default_directory: /home/runner/work/FinalProj..., plugins.always_open_pdf_externally: true, profile.default_content_setting_values.automatic_downloads: 1, profile.password_manager_enabled: false, profile.password_manager_leak_detection: false, safebrowsing.enabled: true}}, pageLoadStrategy: normal, unhandledPromptBehavior: accept}]}]\nselenide.url: https://app.testiny.io/\nselenide.baseUrl: https://app.testiny.io","time":{"start":1717690569250,"stop":1717690569251,"duration":1}},{"uid":"f26d05b678c34dac","reportUrl":"https://AlesyaOlejnik.github.io/FinalProject/27//#testresult/f26d05b678c34dac","status":"skipped","statusDetails":"Test tests.gui.PositiveUITests.setupBrowser failed (1 failure)\n\tjava.lang.IllegalStateException: No webdriver is bound to current thread: 1. You need to call open(url) first.","time":{"start":1717690070866,"stop":1717690070866,"duration":0}},{"uid":"827644dd834ae2dd","reportUrl":"https://AlesyaOlejnik.github.io/FinalProject/26//#testresult/827644dd834ae2dd","status":"skipped","statusDetails":"\nNative Injection is NOT supported for @BeforeSuite annotated setupSuite.\nFor more information on native dependency injection please refer to https://testng.org/doc/documentation-main.html#native-dependency-injection","time":{"start":1717689707173,"stop":1717689707195,"duration":22}},{"uid":"7a2969cee0623d7e","reportUrl":"https://AlesyaOlejnik.github.io/FinalProject/25//#testresult/7a2969cee0623d7e","status":"skipped","statusDetails":"Test tests.gui.PositiveUITests.setupBrowser failed (3 failures)\n\torg.openqa.selenium.SessionNotCreatedException: Could not start a new session. Response code 500. Message: session not created: Chrome failed to start: exited normally.\n  (session not created: DevToolsActivePort file doesn't exist)\n  (The process started from chrome location /usr/bin/google-chrome is no longer running, so ChromeDriver is assuming that Chrome has crashed.) \nHost info: host: 'fv-az1146-727', ip: '10.1.0.180'\nBuild info: version: '4.19.1', revision: 'abe0ee07dc'\nSystem info: os.name: 'Linux', os.arch: 'amd64', os.version: '6.5.0-1021-azure', java.version: '17.0.11'\nDriver info: org.openqa.selenium.chrome.ChromeDriver\nCommand: [null, newSession {capabilities=[Capabilities {acceptInsecureCerts: true, browserName: chrome, goog:chromeOptions: {args: [--proxy-bypass-list=<-loopb..., --disable-dev-shm-usage, --window-size=1920,1080], binary: /usr/bin/google-chrome, excludeSwitches: [enable-automation, load-extension], extensions: [], prefs: {credentials_enable_service: false, download.default_directory: /home/runner/work/FinalProj..., plugins.always_open_pdf_externally: true, profile.default_content_setting_values.automatic_downloads: 1, profile.password_manager_enabled: false, profile.password_manager_leak_detection: false, safebrowsing.enabled: true}}, pageLoadStrategy: normal, unhandledPromptBehavior: accept}]}]\nselenide.url: https://app.testiny.io/\nselenide.baseUrl: https://app.testiny.io\n\torg.openqa.selenium.SessionNotCreatedException: Could not start a new session. Response code 500. Message: session not created: Chrome failed to start: exited normally.\n  (session not created: DevToolsActivePort file doesn't exist)\n  (The process started from chrome location /usr/bin/google-chrome is no longer running, so ChromeDriver is assuming that Chrome has crashed.) \nHost info: host: 'fv-az1146-727', ip: '10.1.0.180'\nBuild info: version: '4.19.1', revision: 'abe0ee07dc'\nSystem info: os.name: 'Linux', os.arch: 'amd64', os.version: '6.5.0-1021-azure', java.version: '17.0.11'\nDriver info: org.openqa.selenium.chrome.ChromeDriver\nCommand: [null, newSession {capabilities=[Capabilities {acceptInsecureCerts: true, browserName: chrome, goog:chromeOptions: {args: [--proxy-bypass-list=<-loopb..., --disable-dev-shm-usage, --window-size=1920,1080], binary: /usr/bin/google-chrome, excludeSwitches: [enable-automation, load-extension], extensions: [], prefs: {credentials_enable_service: false, download.default_directory: /home/runner/work/FinalProj..., plugins.always_open_pdf_externally: true, profile.default_content_setting_values.automatic_downloads: 1, profile.password_manager_enabled: false, profile.password_manager_leak_detection: false, safebrowsing.enabled: true}}, pageLoadStrategy: normal, unhandledPromptBehavior: accept}]}]\nselenide.url: https://app.testiny.io/\nselenide.baseUrl: https://app.testiny.io\n\torg.openqa.selenium.SessionNotCreatedException: Could not start a new session. Response code 500. Message: session not created: Chrome failed to start: exited normally.\n  (session not created: DevToolsActivePort file doesn't exist)\n  (The process started from chrome location /usr/bin/google-chrome is no longer running, so ChromeDriver is assuming that Chrome has crashed.) \nHost info: host: 'fv-az1146-727', ip: '10.1.0.180'\nBuild info: version: '4.19.1', revision: 'abe0ee07dc'\nSystem info: os.name: 'Linux', os.arch: 'amd64', os.version: '6.5.0-1021-azure', java.version: '17.0.11'\nDriver info: org.openqa.selenium.chrome.ChromeDriver\nCommand: [null, newSession {capabilities=[Capabilities {acceptInsecureCerts: true, browserName: chrome, goog:chromeOptions: {args: [--proxy-bypass-list=<-loopb..., --disable-dev-shm-usage, --window-size=1920,1080], binary: /usr/bin/google-chrome, excludeSwitches: [enable-automation, load-extension], extensions: [], prefs: {credentials_enable_service: false, download.default_directory: /home/runner/work/FinalProj..., plugins.always_open_pdf_externally: true, profile.default_content_setting_values.automatic_downloads: 1, profile.password_manager_enabled: false, profile.password_manager_leak_detection: false, safebrowsing.enabled: true}}, pageLoadStrategy: normal, unhandledPromptBehavior: accept}]}]\nselenide.url: https://app.testiny.io/\nselenide.baseUrl: https://app.testiny.io","time":{"start":1717688853791,"stop":1717688853792,"duration":1}},{"uid":"1eae60970970845a","reportUrl":"https://AlesyaOlejnik.github.io/FinalProject/24//#testresult/1eae60970970845a","status":"skipped","statusDetails":"Test tests.gui.PositiveUITests.setupBrowser failed (3 failures)\n\torg.openqa.selenium.SessionNotCreatedException: Could not start a new session. Response code 500. Message: session not created: Chrome failed to start: exited normally.\n  (session not created: DevToolsActivePort file doesn't exist)\n  (The process started from chrome location /usr/bin/google-chrome is no longer running, so ChromeDriver is assuming that Chrome has crashed.) \nHost info: host: 'fv-az1205-875', ip: '10.1.0.8'\nBuild info: version: '4.19.1', revision: 'abe0ee07dc'\nSystem info: os.name: 'Linux', os.arch: 'amd64', os.version: '6.5.0-1021-azure', java.version: '17.0.11'\nDriver info: org.openqa.selenium.chrome.ChromeDriver\nCommand: [null, newSession {capabilities=[Capabilities {acceptInsecureCerts: true, browserName: chrome, goog:chromeOptions: {args: [--proxy-bypass-list=<-loopb..., --disable-dev-shm-usage, --window-size=1920,1080], binary: /usr/bin/google-chrome, excludeSwitches: [enable-automation, load-extension], extensions: [], prefs: {credentials_enable_service: false, download.default_directory: /home/runner/work/FinalProj..., plugins.always_open_pdf_externally: true, profile.default_content_setting_values.automatic_downloads: 1, profile.password_manager_enabled: false, profile.password_manager_leak_detection: false, safebrowsing.enabled: true}}, pageLoadStrategy: normal, unhandledPromptBehavior: accept}]}]\nselenide.url: https://app.testiny.io/\nselenide.baseUrl: https://app.testiny.io\n\torg.openqa.selenium.SessionNotCreatedException: Could not start a new session. Response code 500. Message: session not created: Chrome failed to start: exited normally.\n  (session not created: DevToolsActivePort file doesn't exist)\n  (The process started from chrome location /usr/bin/google-chrome is no longer running, so ChromeDriver is assuming that Chrome has crashed.) \nHost info: host: 'fv-az1205-875', ip: '10.1.0.8'\nBuild info: version: '4.19.1', revision: 'abe0ee07dc'\nSystem info: os.name: 'Linux', os.arch: 'amd64', os.version: '6.5.0-1021-azure', java.version: '17.0.11'\nDriver info: org.openqa.selenium.chrome.ChromeDriver\nCommand: [null, newSession {capabilities=[Capabilities {acceptInsecureCerts: true, browserName: chrome, goog:chromeOptions: {args: [--proxy-bypass-list=<-loopb..., --disable-dev-shm-usage, --window-size=1920,1080], binary: /usr/bin/google-chrome, excludeSwitches: [enable-automation, load-extension], extensions: [], prefs: {credentials_enable_service: false, download.default_directory: /home/runner/work/FinalProj..., plugins.always_open_pdf_externally: true, profile.default_content_setting_values.automatic_downloads: 1, profile.password_manager_enabled: false, profile.password_manager_leak_detection: false, safebrowsing.enabled: true}}, pageLoadStrategy: normal, unhandledPromptBehavior: accept}]}]\nselenide.url: https://app.testiny.io/\nselenide.baseUrl: https://app.testiny.io\n\torg.openqa.selenium.SessionNotCreatedException: Could not start a new session. Response code 500. Message: session not created: Chrome failed to start: exited normally.\n  (session not created: DevToolsActivePort file doesn't exist)\n  (The process started from chrome location /usr/bin/google-chrome is no longer running, so ChromeDriver is assuming that Chrome has crashed.) \nHost info: host: 'fv-az1205-875', ip: '10.1.0.8'\nBuild info: version: '4.19.1', revision: 'abe0ee07dc'\nSystem info: os.name: 'Linux', os.arch: 'amd64', os.version: '6.5.0-1021-azure', java.version: '17.0.11'\nDriver info: org.openqa.selenium.chrome.ChromeDriver\nCommand: [null, newSession {capabilities=[Capabilities {acceptInsecureCerts: true, browserName: chrome, goog:chromeOptions: {args: [--proxy-bypass-list=<-loopb..., --disable-dev-shm-usage, --window-size=1920,1080], binary: /usr/bin/google-chrome, excludeSwitches: [enable-automation, load-extension], extensions: [], prefs: {credentials_enable_service: false, download.default_directory: /home/runner/work/FinalProj..., plugins.always_open_pdf_externally: true, profile.default_content_setting_values.automatic_downloads: 1, profile.password_manager_enabled: false, profile.password_manager_leak_detection: false, safebrowsing.enabled: true}}, pageLoadStrategy: normal, unhandledPromptBehavior: accept}]}]\nselenide.url: https://app.testiny.io/\nselenide.baseUrl: https://app.testiny.io","time":{"start":1717688665049,"stop":1717688665050,"duration":1}},{"uid":"49d3cead71720a8e","reportUrl":"https://AlesyaOlejnik.github.io/FinalProject/22//#testresult/49d3cead71720a8e","status":"skipped","statusDetails":"Test tests.gui.PositiveUITests.setupBrowser failed (3 failures)\n\torg.openqa.selenium.SessionNotCreatedException: Could not start a new session. Response code 500. Message: session not created: Chrome failed to start: exited normally.\n  (session not created: DevToolsActivePort file doesn't exist)\n  (The process started from chrome location /usr/bin/google-chrome is no longer running, so ChromeDriver is assuming that Chrome has crashed.) \nHost info: host: 'fv-az1382-695', ip: '10.1.1.39'\nBuild info: version: '4.19.1', revision: 'abe0ee07dc'\nSystem info: os.name: 'Linux', os.arch: 'amd64', os.version: '6.5.0-1021-azure', java.version: '17.0.11'\nDriver info: org.openqa.selenium.chrome.ChromeDriver\nCommand: [null, newSession {capabilities=[Capabilities {acceptInsecureCerts: true, browserName: chrome, goog:chromeOptions: {args: [--proxy-bypass-list=<-loopb..., --disable-dev-shm-usage, --window-size=1920,1080], binary: /usr/bin/google-chrome, excludeSwitches: [enable-automation, load-extension], extensions: [], prefs: {credentials_enable_service: false, download.default_directory: /home/runner/work/FinalProj..., plugins.always_open_pdf_externally: true, profile.default_content_setting_values.automatic_downloads: 1, profile.password_manager_enabled: false, profile.password_manager_leak_detection: false, safebrowsing.enabled: true}}, pageLoadStrategy: normal, unhandledPromptBehavior: accept}]}]\nselenide.url: https://app.testiny.io/\nselenide.baseUrl: https://app.testiny.io\n\torg.openqa.selenium.SessionNotCreatedException: Could not start a new session. Response code 500. Message: session not created: Chrome failed to start: exited normally.\n  (session not created: DevToolsActivePort file doesn't exist)\n  (The process started from chrome location /usr/bin/google-chrome is no longer running, so ChromeDriver is assuming that Chrome has crashed.) \nHost info: host: 'fv-az1382-695', ip: '10.1.1.39'\nBuild info: version: '4.19.1', revision: 'abe0ee07dc'\nSystem info: os.name: 'Linux', os.arch: 'amd64', os.version: '6.5.0-1021-azure', java.version: '17.0.11'\nDriver info: org.openqa.selenium.chrome.ChromeDriver\nCommand: [null, newSession {capabilities=[Capabilities {acceptInsecureCerts: true, browserName: chrome, goog:chromeOptions: {args: [--proxy-bypass-list=<-loopb..., --disable-dev-shm-usage, --window-size=1920,1080], binary: /usr/bin/google-chrome, excludeSwitches: [enable-automation, load-extension], extensions: [], prefs: {credentials_enable_service: false, download.default_directory: /home/runner/work/FinalProj..., plugins.always_open_pdf_externally: true, profile.default_content_setting_values.automatic_downloads: 1, profile.password_manager_enabled: false, profile.password_manager_leak_detection: false, safebrowsing.enabled: true}}, pageLoadStrategy: normal, unhandledPromptBehavior: accept}]}]\nselenide.url: https://app.testiny.io/\nselenide.baseUrl: https://app.testiny.io\n\torg.openqa.selenium.SessionNotCreatedException: Could not start a new session. Response code 500. Message: session not created: Chrome failed to start: exited normally.\n  (session not created: DevToolsActivePort file doesn't exist)\n  (The process started from chrome location /usr/bin/google-chrome is no longer running, so ChromeDriver is assuming that Chrome has crashed.) \nHost info: host: 'fv-az1382-695', ip: '10.1.1.39'\nBuild info: version: '4.19.1', revision: 'abe0ee07dc'\nSystem info: os.name: 'Linux', os.arch: 'amd64', os.version: '6.5.0-1021-azure', java.version: '17.0.11'\nDriver info: org.openqa.selenium.chrome.ChromeDriver\nCommand: [null, newSession {capabilities=[Capabilities {acceptInsecureCerts: true, browserName: chrome, goog:chromeOptions: {args: [--proxy-bypass-list=<-loopb..., --disable-dev-shm-usage, --window-size=1920,1080], binary: /usr/bin/google-chrome, excludeSwitches: [enable-automation, load-extension], extensions: [], prefs: {credentials_enable_service: false, download.default_directory: /home/runner/work/FinalProj..., plugins.always_open_pdf_externally: true, profile.default_content_setting_values.automatic_downloads: 1, profile.password_manager_enabled: false, profile.password_manager_leak_detection: false, safebrowsing.enabled: true}}, pageLoadStrategy: normal, unhandledPromptBehavior: accept}]}]\nselenide.url: https://app.testiny.io/\nselenide.baseUrl: https://app.testiny.io","time":{"start":1717686570742,"stop":1717686570743,"duration":1}},{"uid":"47e18d12686e6fed","reportUrl":"https://AlesyaOlejnik.github.io/FinalProject/21//#testresult/47e18d12686e6fed","status":"skipped","statusDetails":"Test tests.gui.PositiveUITests.setupBrowser failed (3 failures)\n\torg.openqa.selenium.SessionNotCreatedException: Could not start a new session. Response code 500. Message: session not created: Chrome failed to start: exited normally.\n  (session not created: DevToolsActivePort file doesn't exist)\n  (The process started from chrome location /usr/bin/google-chrome is no longer running, so ChromeDriver is assuming that Chrome has crashed.) \nHost info: host: 'fv-az914-56', ip: '10.1.0.89'\nBuild info: version: '4.19.1', revision: 'abe0ee07dc'\nSystem info: os.name: 'Linux', os.arch: 'amd64', os.version: '6.5.0-1021-azure', java.version: '17.0.11'\nDriver info: org.openqa.selenium.chrome.ChromeDriver\nCommand: [null, newSession {capabilities=[Capabilities {acceptInsecureCerts: true, browserName: chrome, goog:chromeOptions: {args: [--proxy-bypass-list=<-loopb..., --disable-dev-shm-usage, --window-size=1920,1080], binary: /usr/bin/google-chrome, excludeSwitches: [enable-automation, load-extension], extensions: [], prefs: {credentials_enable_service: false, download.default_directory: /home/runner/work/FinalProj..., plugins.always_open_pdf_externally: true, profile.default_content_setting_values.automatic_downloads: 1, profile.password_manager_enabled: false, profile.password_manager_leak_detection: false, safebrowsing.enabled: true}}, pageLoadStrategy: normal, unhandledPromptBehavior: accept}]}]\nselenide.url: https://app.testiny.io/\nselenide.baseUrl: https://app.testiny.io\n\torg.openqa.selenium.SessionNotCreatedException: Could not start a new session. Response code 500. Message: session not created: Chrome failed to start: exited normally.\n  (session not created: DevToolsActivePort file doesn't exist)\n  (The process started from chrome location /usr/bin/google-chrome is no longer running, so ChromeDriver is assuming that Chrome has crashed.) \nHost info: host: 'fv-az914-56', ip: '10.1.0.89'\nBuild info: version: '4.19.1', revision: 'abe0ee07dc'\nSystem info: os.name: 'Linux', os.arch: 'amd64', os.version: '6.5.0-1021-azure', java.version: '17.0.11'\nDriver info: org.openqa.selenium.chrome.ChromeDriver\nCommand: [null, newSession {capabilities=[Capabilities {acceptInsecureCerts: true, browserName: chrome, goog:chromeOptions: {args: [--proxy-bypass-list=<-loopb..., --disable-dev-shm-usage, --window-size=1920,1080], binary: /usr/bin/google-chrome, excludeSwitches: [enable-automation, load-extension], extensions: [], prefs: {credentials_enable_service: false, download.default_directory: /home/runner/work/FinalProj..., plugins.always_open_pdf_externally: true, profile.default_content_setting_values.automatic_downloads: 1, profile.password_manager_enabled: false, profile.password_manager_leak_detection: false, safebrowsing.enabled: true}}, pageLoadStrategy: normal, unhandledPromptBehavior: accept}]}]\nselenide.url: https://app.testiny.io/\nselenide.baseUrl: https://app.testiny.io\n\torg.openqa.selenium.SessionNotCreatedException: Could not start a new session. Response code 500. Message: session not created: Chrome failed to start: exited normally.\n  (session not created: DevToolsActivePort file doesn't exist)\n  (The process started from chrome location /usr/bin/google-chrome is no longer running, so ChromeDriver is assuming that Chrome has crashed.) \nHost info: host: 'fv-az914-56', ip: '10.1.0.89'\nBuild info: version: '4.19.1', revision: 'abe0ee07dc'\nSystem info: os.name: 'Linux', os.arch: 'amd64', os.version: '6.5.0-1021-azure', java.version: '17.0.11'\nDriver info: org.openqa.selenium.chrome.ChromeDriver\nCommand: [null, newSession {capabilities=[Capabilities {acceptInsecureCerts: true, browserName: chrome, goog:chromeOptions: {args: [--proxy-bypass-list=<-loopb..., --disable-dev-shm-usage, --window-size=1920,1080], binary: /usr/bin/google-chrome, excludeSwitches: [enable-automation, load-extension], extensions: [], prefs: {credentials_enable_service: false, download.default_directory: /home/runner/work/FinalProj..., plugins.always_open_pdf_externally: true, profile.default_content_setting_values.automatic_downloads: 1, profile.password_manager_enabled: false, profile.password_manager_leak_detection: false, safebrowsing.enabled: true}}, pageLoadStrategy: normal, unhandledPromptBehavior: accept}]}]\nselenide.url: https://app.testiny.io/\nselenide.baseUrl: https://app.testiny.io","time":{"start":1717686533262,"stop":1717686533263,"duration":1}}]},"tags":[]},"source":"72edc996fb69f375.json","parameterValues":[]}