{"uid":"f08cbea4934acc09","name":"dialogBoxTest","fullName":"tests.gui.PositiveUITests.dialogBoxTest","historyId":"afe73c166acf425c091fe20165c0e2b2","time":{"start":1717867383127,"stop":1717867384686,"duration":1559},"description":"Тест диалогового окна","descriptionHtml":"<p>Тест диалогового окна</p>\n","status":"passed","flaky":false,"newFailed":false,"newBroken":false,"newPassed":false,"retriesCount":0,"retriesStatusChange":false,"beforeStages":[{"name":"setupBrowser","time":{"start":1717867380555,"stop":1717867383124,"duration":2569},"description":"","status":"passed","steps":[{"name":"$(\"open\") https://app.testiny.io/","time":{"start":1717867380555,"stop":1717867381815,"duration":1260},"status":"passed","steps":[{"name":"$(\"webdriver\") create()","time":{"start":1717867380579,"stop":1717867380890,"duration":311},"status":"passed","steps":[],"attachments":[],"parameters":[],"shouldDisplayMessage":false,"stepsCount":0,"attachmentsCount":0,"hasContent":false}],"attachments":[],"parameters":[],"shouldDisplayMessage":false,"stepsCount":1,"attachmentsCount":0,"hasContent":true},{"name":"$(\"#:r0:\") should be(visible)","time":{"start":1717867381815,"stop":1717867382105,"duration":290},"status":"passed","steps":[],"attachments":[],"parameters":[],"shouldDisplayMessage":false,"stepsCount":0,"attachmentsCount":0,"hasContent":false},{"name":"$(\"#:r0:\") send keys(alesya.olejnik@inbox.ru)","time":{"start":1717867382105,"stop":1717867382210,"duration":105},"status":"passed","steps":[],"attachments":[],"parameters":[],"shouldDisplayMessage":false,"stepsCount":0,"attachmentsCount":0,"hasContent":false},{"name":"$(\"#:r2:\") should be(visible)","time":{"start":1717867382210,"stop":1717867382228,"duration":18},"status":"passed","steps":[],"attachments":[],"parameters":[],"shouldDisplayMessage":false,"stepsCount":0,"attachmentsCount":0,"hasContent":false},{"name":"$(\"#:r2:\") send keys(navHy4-domgyt-dihhyt)","time":{"start":1717867382228,"stop":1717867382305,"duration":77},"status":"passed","steps":[],"attachments":[],"parameters":[],"shouldDisplayMessage":false,"stepsCount":0,"attachmentsCount":0,"hasContent":false},{"name":"$(\"By.xpath: //*[@data-testid='button-login']\") should be(clickable: interactable and enabled)","time":{"start":1717867382305,"stop":1717867383077,"duration":772},"status":"passed","steps":[],"attachments":[],"parameters":[],"shouldDisplayMessage":false,"stepsCount":0,"attachmentsCount":0,"hasContent":false},{"name":"$(\"By.xpath: //*[@data-testid='button-login']\") click()","time":{"start":1717867383077,"stop":1717867383124,"duration":47},"status":"passed","steps":[],"attachments":[],"parameters":[],"shouldDisplayMessage":false,"stepsCount":0,"attachmentsCount":0,"hasContent":false}],"attachments":[],"parameters":[],"shouldDisplayMessage":false,"stepsCount":8,"attachmentsCount":0,"hasContent":true}],"testStage":{"description":"Тест диалогового окна","status":"passed","steps":[{"name":"$(\"By.xpath: //*[contains(@class,' account button-dropdown')]\") should be(clickable: interactable and enabled)","time":{"start":1717867383128,"stop":1717867383795,"duration":667},"status":"passed","steps":[],"attachments":[],"parameters":[],"shouldDisplayMessage":false,"stepsCount":0,"attachmentsCount":0,"hasContent":false},{"name":"$(\"By.xpath: //*[contains(@class,' account button-dropdown')]\") click()","time":{"start":1717867383795,"stop":1717867383860,"duration":65},"status":"passed","steps":[],"attachments":[],"parameters":[],"shouldDisplayMessage":false,"stepsCount":0,"attachmentsCount":0,"hasContent":false},{"name":"$(\"By.xpath: //*[contains(text(), 'Settings')]\") should be(clickable: interactable and enabled)","time":{"start":1717867383861,"stop":1717867383884,"duration":23},"status":"passed","steps":[],"attachments":[],"parameters":[],"shouldDisplayMessage":false,"stepsCount":0,"attachmentsCount":0,"hasContent":false},{"name":"$(\"By.xpath: //*[contains(text(), 'Settings')]\") click()","time":{"start":1717867383884,"stop":1717867383974,"duration":90},"status":"passed","steps":[],"attachments":[],"parameters":[],"shouldDisplayMessage":false,"stepsCount":0,"attachmentsCount":0,"hasContent":false},{"name":"$(\"By.xpath: //*[@data-testid='item-projects']\") should be(clickable: interactable and enabled)","time":{"start":1717867383974,"stop":1717867383996,"duration":22},"status":"passed","steps":[],"attachments":[],"parameters":[],"shouldDisplayMessage":false,"stepsCount":0,"attachmentsCount":0,"hasContent":false},{"name":"$(\"By.xpath: //*[@data-testid='item-projects']\") click()","time":{"start":1717867383996,"stop":1717867384078,"duration":82},"status":"passed","steps":[],"attachments":[],"parameters":[],"shouldDisplayMessage":false,"stepsCount":0,"attachmentsCount":0,"hasContent":false},{"name":"$(\"By.xpath: //*[contains(@class, 'table-row')]\") should have(size > 0)","time":{"start":1717867384078,"stop":1717867384301,"duration":223},"status":"passed","steps":[],"attachments":[],"parameters":[],"shouldDisplayMessage":false,"stepsCount":0,"attachmentsCount":0,"hasContent":false},{"name":"$(\"By.xpath: //*[contains(@class, 'table-row')]:last\") get text()","time":{"start":1717867384301,"stop":1717867384323,"duration":22},"status":"passed","steps":[],"attachments":[],"parameters":[],"shouldDisplayMessage":false,"stepsCount":0,"attachmentsCount":0,"hasContent":false},{"name":"$(\"By.xpath: //*[contains(@class, 'table-row')]\") should have(size > 0)","time":{"start":1717867384323,"stop":1717867384331,"duration":8},"status":"passed","steps":[],"attachments":[],"parameters":[],"shouldDisplayMessage":false,"stepsCount":0,"attachmentsCount":0,"hasContent":false},{"name":"$(\"By.xpath: //*[contains(@class, 'table-row')]:last\") click()","time":{"start":1717867384331,"stop":1717867384421,"duration":90},"status":"passed","steps":[],"attachments":[],"parameters":[],"shouldDisplayMessage":false,"stepsCount":0,"attachmentsCount":0,"hasContent":false},{"name":"$(\"By.xpath: (//button[@data-testid='button-more_single:delete'])[last()]\") should be(clickable: interactable and enabled)","time":{"start":1717867384421,"stop":1717867384450,"duration":29},"status":"passed","steps":[],"attachments":[],"parameters":[],"shouldDisplayMessage":false,"stepsCount":0,"attachmentsCount":0,"hasContent":false},{"name":"$(\"By.xpath: (//button[@data-testid='button-more_single:delete'])[last()]\") click()","time":{"start":1717867384450,"stop":1717867384523,"duration":73},"status":"passed","steps":[],"attachments":[],"parameters":[],"shouldDisplayMessage":false,"stepsCount":0,"attachmentsCount":0,"hasContent":false},{"name":"$(\"By.xpath: //*[@data-testid='text-body']\") text()","time":{"start":1717867384524,"stop":1717867384551,"duration":27},"status":"passed","steps":[],"attachments":[],"parameters":[],"shouldDisplayMessage":false,"stepsCount":0,"attachmentsCount":0,"hasContent":false},{"name":"$(\"By.xpath: //*[@data-testid='cell-text']\") should have(size > 0)","time":{"start":1717867384551,"stop":1717867384563,"duration":12},"status":"passed","steps":[],"attachments":[],"parameters":[],"shouldDisplayMessage":false,"stepsCount":0,"attachmentsCount":0,"hasContent":false},{"name":"$(\"By.xpath: //*[@data-testid='cell-text'][7]\") get text()","time":{"start":1717867384576,"stop":1717867384595,"duration":19},"status":"passed","steps":[],"attachments":[],"parameters":[],"shouldDisplayMessage":false,"stepsCount":0,"attachmentsCount":0,"hasContent":false},{"name":"$(\"By.xpath: //*[@data-testid='cell-text']\") should have(size > 0)","time":{"start":1717867384596,"stop":1717867384605,"duration":9},"status":"passed","steps":[],"attachments":[],"parameters":[],"shouldDisplayMessage":false,"stepsCount":0,"attachmentsCount":0,"hasContent":false},{"name":"$(\"By.xpath: //*[@data-testid='cell-text']:last\") get text()","time":{"start":1717867384605,"stop":1717867384624,"duration":19},"status":"passed","steps":[],"attachments":[],"parameters":[],"shouldDisplayMessage":false,"stepsCount":0,"attachmentsCount":0,"hasContent":false},{"name":"$(\"By.xpath: //div[text() ='Delete']\") should be(clickable: interactable and enabled)","time":{"start":1717867384625,"stop":1717867384645,"duration":20},"status":"passed","steps":[],"attachments":[],"parameters":[],"shouldDisplayMessage":false,"stepsCount":0,"attachmentsCount":0,"hasContent":false},{"name":"$(\"By.xpath: //*[@data-testid='text-title']\") text()","time":{"start":1717867384645,"stop":1717867384667,"duration":22},"status":"passed","steps":[],"attachments":[],"parameters":[],"shouldDisplayMessage":false,"stepsCount":0,"attachmentsCount":0,"hasContent":false},{"name":"$(\"By.xpath: //div[text() ='Delete']\") should be(clickable: interactable and enabled)","time":{"start":1717867384667,"stop":1717867384686,"duration":19},"status":"passed","steps":[],"attachments":[],"parameters":[],"shouldDisplayMessage":false,"stepsCount":0,"attachmentsCount":0,"hasContent":false}],"attachments":[],"parameters":[],"shouldDisplayMessage":false,"stepsCount":20,"attachmentsCount":0,"hasContent":true},"afterStages":[{"name":"closeBrowser","time":{"start":1717867384688,"stop":1717867384791,"duration":103},"description":"","status":"passed","steps":[{"name":"$(\"current window\") close()","time":{"start":1717867384688,"stop":1717867384791,"duration":103},"status":"passed","steps":[],"attachments":[],"parameters":[],"shouldDisplayMessage":false,"stepsCount":0,"attachmentsCount":0,"hasContent":false}],"attachments":[],"parameters":[],"shouldDisplayMessage":false,"stepsCount":1,"attachmentsCount":0,"hasContent":true}],"labels":[{"name":"package","value":"tests.gui.PositiveUITests"},{"name":"testClass","value":"tests.gui.PositiveUITests"},{"name":"testMethod","value":"dialogBoxTest"},{"name":"parentSuite","value":"Surefire suite"},{"name":"suite","value":"Surefire test"},{"name":"subSuite","value":"tests.gui.PositiveUITests"},{"name":"host","value":"fv-az529-380"},{"name":"thread","value":"3826@fv-az529-380.main(1)"},{"name":"framework","value":"testng"},{"name":"language","value":"java"},{"name":"resultFormat","value":"allure2"}],"parameters":[],"links":[],"hidden":false,"retry":false,"extra":{"severity":"normal","retries":[],"categories":[],"history":{"statistic":{"failed":0,"broken":0,"skipped":13,"passed":5,"unknown":0,"total":18},"items":[{"uid":"8c7dc6ccf2191f0f","reportUrl":"https://AlesyaOlejnik.github.io/FinalProject/38//#testresult/8c7dc6ccf2191f0f","status":"passed","time":{"start":1717844735768,"stop":1717844737319,"duration":1551}},{"uid":"f929e5784ee8b6a3","reportUrl":"https://AlesyaOlejnik.github.io/FinalProject/37//#testresult/f929e5784ee8b6a3","status":"passed","time":{"start":1717844688356,"stop":1717844690175,"duration":1819}},{"uid":"6c56d99b08d2d109","reportUrl":"https://AlesyaOlejnik.github.io/FinalProject/36//#testresult/6c56d99b08d2d109","status":"passed","time":{"start":1717844028317,"stop":1717844030176,"duration":1859}},{"uid":"5c372c44f83dccbd","reportUrl":"https://AlesyaOlejnik.github.io/FinalProject/35//#testresult/5c372c44f83dccbd","status":"passed","time":{"start":1717695036837,"stop":1717695038752,"duration":1915}},{"uid":"f3579e8ccd34493b","reportUrl":"https://AlesyaOlejnik.github.io/FinalProject/34//#testresult/f3579e8ccd34493b","status":"skipped","statusDetails":"Test tests.gui.PositiveUITests.setupBrowser failed (3 failures)\n\torg.openqa.selenium.SessionNotCreatedException: Could not start a new session. Response code 500. Message: session not created: Chrome failed to start: exited normally.\n  (session not created: DevToolsActivePort file doesn't exist)\n  (The process started from chrome location /usr/bin/google-chrome is no longer running, so ChromeDriver is assuming that Chrome has crashed.) \nHost info: host: 'fv-az1456-98', ip: '10.1.0.18'\nBuild info: version: '4.19.1', revision: 'abe0ee07dc'\nSystem info: os.name: 'Linux', os.arch: 'amd64', os.version: '6.5.0-1021-azure', java.version: '17.0.11'\nDriver info: org.openqa.selenium.chrome.ChromeDriver\nCommand: [null, newSession {capabilities=[Capabilities {acceptInsecureCerts: true, browserName: chrome, goog:chromeOptions: {args: [--proxy-bypass-list=<-loopb..., --disable-dev-shm-usage, --window-size=1920,1080], binary: /usr/bin/google-chrome, excludeSwitches: [enable-automation, load-extension], extensions: [], prefs: {credentials_enable_service: false, download.default_directory: /home/runner/work/FinalProj..., plugins.always_open_pdf_externally: true, profile.default_content_setting_values.automatic_downloads: 1, profile.password_manager_enabled: false, profile.password_manager_leak_detection: false, safebrowsing.enabled: true}}, pageLoadStrategy: normal, unhandledPromptBehavior: accept}]}]\nselenide.url: https://app.testiny.io/\nselenide.baseUrl: https://app.testiny.io\n\torg.openqa.selenium.SessionNotCreatedException: Could not start a new session. Response code 500. Message: session not created: Chrome failed to start: exited normally.\n  (session not created: DevToolsActivePort file doesn't exist)\n  (The process started from chrome location /usr/bin/google-chrome is no longer running, so ChromeDriver is assuming that Chrome has crashed.) \nHost info: host: 'fv-az1456-98', ip: '10.1.0.18'\nBuild info: version: '4.19.1', revision: 'abe0ee07dc'\nSystem info: os.name: 'Linux', os.arch: 'amd64', os.version: '6.5.0-1021-azure', java.version: '17.0.11'\nDriver info: org.openqa.selenium.chrome.ChromeDriver\nCommand: [null, newSession {capabilities=[Capabilities {acceptInsecureCerts: true, browserName: chrome, goog:chromeOptions: {args: [--proxy-bypass-list=<-loopb..., --disable-dev-shm-usage, --window-size=1920,1080], binary: /usr/bin/google-chrome, excludeSwitches: [enable-automation, load-extension], extensions: [], prefs: {credentials_enable_service: false, download.default_directory: /home/runner/work/FinalProj..., plugins.always_open_pdf_externally: true, profile.default_content_setting_values.automatic_downloads: 1, profile.password_manager_enabled: false, profile.password_manager_leak_detection: false, safebrowsing.enabled: true}}, pageLoadStrategy: normal, unhandledPromptBehavior: accept}]}]\nselenide.url: https://app.testiny.io/\nselenide.baseUrl: https://app.testiny.io\n\torg.openqa.selenium.SessionNotCreatedException: Could not start a new session. Response code 500. Message: session not created: Chrome failed to start: exited normally.\n  (session not created: DevToolsActivePort file doesn't exist)\n  (The process started from chrome location /usr/bin/google-chrome is no longer running, so ChromeDriver is assuming that Chrome has crashed.) \nHost info: host: 'fv-az1456-98', ip: '10.1.0.18'\nBuild info: version: '4.19.1', revision: 'abe0ee07dc'\nSystem info: os.name: 'Linux', os.arch: 'amd64', os.version: '6.5.0-1021-azure', java.version: '17.0.11'\nDriver info: org.openqa.selenium.chrome.ChromeDriver\nCommand: [null, newSession {capabilities=[Capabilities {acceptInsecureCerts: true, browserName: chrome, goog:chromeOptions: {args: [--proxy-bypass-list=<-loopb..., --disable-dev-shm-usage, --window-size=1920,1080], binary: /usr/bin/google-chrome, excludeSwitches: [enable-automation, load-extension], extensions: [], prefs: {credentials_enable_service: false, download.default_directory: /home/runner/work/FinalProj..., plugins.always_open_pdf_externally: true, profile.default_content_setting_values.automatic_downloads: 1, profile.password_manager_enabled: false, profile.password_manager_leak_detection: false, safebrowsing.enabled: true}}, pageLoadStrategy: normal, unhandledPromptBehavior: accept}]}]\nselenide.url: https://app.testiny.io/\nselenide.baseUrl: https://app.testiny.io","time":{"start":1717691408684,"stop":1717691408684,"duration":0}},{"uid":"1e2d4b93d097322b","reportUrl":"https://AlesyaOlejnik.github.io/FinalProject/33//#testresult/1e2d4b93d097322b","status":"skipped","statusDetails":"Test tests.gui.PositiveUITests.setupBrowser failed (3 failures)\n\torg.openqa.selenium.SessionNotCreatedException: Could not start a new session. Response code 500. Message: Process unexpectedly closed with status 1 \nHost info: host: 'fv-az2022-813', ip: '10.1.0.11'\nBuild info: version: '4.19.1', revision: 'abe0ee07dc'\nSystem info: os.name: 'Linux', os.arch: 'amd64', os.version: '6.5.0-1021-azure', java.version: '17.0.11'\nDriver info: org.openqa.selenium.firefox.FirefoxDriver\nCommand: [null, newSession {capabilities=[Capabilities {acceptInsecureCerts: true, browserName: firefox, moz:debuggerAddress: true, moz:firefoxOptions: {binary: /usr/bin/firefox, prefs: {browser.download.dir: /home/runner/work/FinalProj..., browser.download.folderList: 2, browser.helperApps.neverAsk.saveToDisk: video/3gpp;video/3gpp2;appl..., network.automatic-ntlm-auth.allow-non-fqdn: true, network.automatic-ntlm-auth.trusted-uris: http://,https://, network.http.phishy-userpass-length: 255, network.negotiate-auth.delegation-uris: http://,https://, network.negotiate-auth.trusted-uris: http://,https://, network.proxy.allow_hijacking_localhost: true, network.proxy.no_proxies_on: , pdfjs.disabled: true, security.csp.enable: false}}, pageLoadStrategy: normal, unhandledPromptBehavior: accept}]}]\nselenide.url: https://app.testiny.io/\nselenide.baseUrl: https://app.testiny.io\n\torg.openqa.selenium.SessionNotCreatedException: Could not start a new session. Response code 500. Message: Process unexpectedly closed with status 1 \nHost info: host: 'fv-az2022-813', ip: '10.1.0.11'\nBuild info: version: '4.19.1', revision: 'abe0ee07dc'\nSystem info: os.name: 'Linux', os.arch: 'amd64', os.version: '6.5.0-1021-azure', java.version: '17.0.11'\nDriver info: org.openqa.selenium.firefox.FirefoxDriver\nCommand: [null, newSession {capabilities=[Capabilities {acceptInsecureCerts: true, browserName: firefox, moz:debuggerAddress: true, moz:firefoxOptions: {binary: /usr/bin/firefox, prefs: {browser.download.dir: /home/runner/work/FinalProj..., browser.download.folderList: 2, browser.helperApps.neverAsk.saveToDisk: video/3gpp;video/3gpp2;appl..., network.automatic-ntlm-auth.allow-non-fqdn: true, network.automatic-ntlm-auth.trusted-uris: http://,https://, network.http.phishy-userpass-length: 255, network.negotiate-auth.delegation-uris: http://,https://, network.negotiate-auth.trusted-uris: http://,https://, network.proxy.allow_hijacking_localhost: true, network.proxy.no_proxies_on: , pdfjs.disabled: true, security.csp.enable: false}}, pageLoadStrategy: normal, unhandledPromptBehavior: accept}]}]\nselenide.url: https://app.testiny.io/\nselenide.baseUrl: https://app.testiny.io\n\torg.openqa.selenium.SessionNotCreatedException: Could not start a new session. Response code 500. Message: Process unexpectedly closed with status 1 \nHost info: host: 'fv-az2022-813', ip: '10.1.0.11'\nBuild info: version: '4.19.1', revision: 'abe0ee07dc'\nSystem info: os.name: 'Linux', os.arch: 'amd64', os.version: '6.5.0-1021-azure', java.version: '17.0.11'\nDriver info: org.openqa.selenium.firefox.FirefoxDriver\nCommand: [null, newSession {capabilities=[Capabilities {acceptInsecureCerts: true, browserName: firefox, moz:debuggerAddress: true, moz:firefoxOptions: {binary: /usr/bin/firefox, prefs: {browser.download.dir: /home/runner/work/FinalProj..., browser.download.folderList: 2, browser.helperApps.neverAsk.saveToDisk: video/3gpp;video/3gpp2;appl..., network.automatic-ntlm-auth.allow-non-fqdn: true, network.automatic-ntlm-auth.trusted-uris: http://,https://, network.http.phishy-userpass-length: 255, network.negotiate-auth.delegation-uris: http://,https://, network.negotiate-auth.trusted-uris: http://,https://, network.proxy.allow_hijacking_localhost: true, network.proxy.no_proxies_on: , pdfjs.disabled: true, security.csp.enable: false}}, pageLoadStrategy: normal, unhandledPromptBehavior: accept}]}]\nselenide.url: https://app.testiny.io/\nselenide.baseUrl: https://app.testiny.io","time":{"start":1717691321588,"stop":1717691321588,"duration":0}},{"uid":"9715e789913868f0","reportUrl":"https://AlesyaOlejnik.github.io/FinalProject/32//#testresult/9715e789913868f0","status":"skipped","statusDetails":"Test tests.gui.PositiveUITests.setupBrowser failed (3 failures)\n\torg.openqa.selenium.SessionNotCreatedException: Could not start a new session. Response code 500. Message: Process unexpectedly closed with status 1 \nHost info: host: 'fv-az1756-250', ip: '10.1.0.160'\nBuild info: version: '4.19.1', revision: 'abe0ee07dc'\nSystem info: os.name: 'Linux', os.arch: 'amd64', os.version: '6.5.0-1021-azure', java.version: '17.0.11'\nDriver info: org.openqa.selenium.firefox.FirefoxDriver\nCommand: [null, newSession {capabilities=[Capabilities {acceptInsecureCerts: true, browserName: firefox, moz:debuggerAddress: true, moz:firefoxOptions: {binary: /usr/bin/firefox, prefs: {browser.download.dir: /home/runner/work/FinalProj..., browser.download.folderList: 2, browser.helperApps.neverAsk.saveToDisk: video/3gpp;video/3gpp2;appl..., network.automatic-ntlm-auth.allow-non-fqdn: true, network.automatic-ntlm-auth.trusted-uris: http://,https://, network.http.phishy-userpass-length: 255, network.negotiate-auth.delegation-uris: http://,https://, network.negotiate-auth.trusted-uris: http://,https://, network.proxy.allow_hijacking_localhost: true, network.proxy.no_proxies_on: , pdfjs.disabled: true, security.csp.enable: false}}, pageLoadStrategy: normal, unhandledPromptBehavior: accept}]}]\nselenide.url: https://app.testiny.io/\nselenide.baseUrl: https://app.testiny.io\n\torg.openqa.selenium.SessionNotCreatedException: Could not start a new session. Response code 500. Message: Process unexpectedly closed with status 1 \nHost info: host: 'fv-az1756-250', ip: '10.1.0.160'\nBuild info: version: '4.19.1', revision: 'abe0ee07dc'\nSystem info: os.name: 'Linux', os.arch: 'amd64', os.version: '6.5.0-1021-azure', java.version: '17.0.11'\nDriver info: org.openqa.selenium.firefox.FirefoxDriver\nCommand: [null, newSession {capabilities=[Capabilities {acceptInsecureCerts: true, browserName: firefox, moz:debuggerAddress: true, moz:firefoxOptions: {binary: /usr/bin/firefox, prefs: {browser.download.dir: /home/runner/work/FinalProj..., browser.download.folderList: 2, browser.helperApps.neverAsk.saveToDisk: video/3gpp;video/3gpp2;appl..., network.automatic-ntlm-auth.allow-non-fqdn: true, network.automatic-ntlm-auth.trusted-uris: http://,https://, network.http.phishy-userpass-length: 255, network.negotiate-auth.delegation-uris: http://,https://, network.negotiate-auth.trusted-uris: http://,https://, network.proxy.allow_hijacking_localhost: true, network.proxy.no_proxies_on: , pdfjs.disabled: true, security.csp.enable: false}}, pageLoadStrategy: normal, unhandledPromptBehavior: accept}]}]\nselenide.url: https://app.testiny.io/\nselenide.baseUrl: https://app.testiny.io\n\torg.openqa.selenium.SessionNotCreatedException: Could not start a new session. Response code 500. Message: Process unexpectedly closed with status 1 \nHost info: host: 'fv-az1756-250', ip: '10.1.0.160'\nBuild info: version: '4.19.1', revision: 'abe0ee07dc'\nSystem info: os.name: 'Linux', os.arch: 'amd64', os.version: '6.5.0-1021-azure', java.version: '17.0.11'\nDriver info: org.openqa.selenium.firefox.FirefoxDriver\nCommand: [null, newSession {capabilities=[Capabilities {acceptInsecureCerts: true, browserName: firefox, moz:debuggerAddress: true, moz:firefoxOptions: {binary: /usr/bin/firefox, prefs: {browser.download.dir: /home/runner/work/FinalProj..., browser.download.folderList: 2, browser.helperApps.neverAsk.saveToDisk: video/3gpp;video/3gpp2;appl..., network.automatic-ntlm-auth.allow-non-fqdn: true, network.automatic-ntlm-auth.trusted-uris: http://,https://, network.http.phishy-userpass-length: 255, network.negotiate-auth.delegation-uris: http://,https://, network.negotiate-auth.trusted-uris: http://,https://, network.proxy.allow_hijacking_localhost: true, network.proxy.no_proxies_on: , pdfjs.disabled: true, security.csp.enable: false}}, pageLoadStrategy: normal, unhandledPromptBehavior: accept}]}]\nselenide.url: https://app.testiny.io/\nselenide.baseUrl: https://app.testiny.io","time":{"start":1717691206976,"stop":1717691206977,"duration":1}},{"uid":"dc4191f7f88540aa","reportUrl":"https://AlesyaOlejnik.github.io/FinalProject/31//#testresult/dc4191f7f88540aa","status":"skipped","statusDetails":"Test tests.gui.PositiveUITests.setupBrowser failed (3 failures)\n\torg.openqa.selenium.SessionNotCreatedException: Could not start a new session. Response code 500. Message: Process unexpectedly closed with status 1 \nHost info: host: 'fv-az1242-534', ip: '10.1.1.126'\nBuild info: version: '4.19.1', revision: 'abe0ee07dc'\nSystem info: os.name: 'Linux', os.arch: 'amd64', os.version: '6.5.0-1021-azure', java.version: '17.0.11'\nDriver info: org.openqa.selenium.firefox.FirefoxDriver\nCommand: [null, newSession {capabilities=[Capabilities {acceptInsecureCerts: true, browserName: firefox, moz:debuggerAddress: true, moz:firefoxOptions: {binary: /usr/bin/firefox, prefs: {browser.download.dir: /home/runner/work/FinalProj..., browser.download.folderList: 2, browser.helperApps.neverAsk.saveToDisk: video/3gpp;video/3gpp2;appl..., network.automatic-ntlm-auth.allow-non-fqdn: true, network.automatic-ntlm-auth.trusted-uris: http://,https://, network.http.phishy-userpass-length: 255, network.negotiate-auth.delegation-uris: http://,https://, network.negotiate-auth.trusted-uris: http://,https://, network.proxy.allow_hijacking_localhost: true, network.proxy.no_proxies_on: , pdfjs.disabled: true, security.csp.enable: false}}, pageLoadStrategy: normal, unhandledPromptBehavior: accept}]}]\nselenide.url: https://app.testiny.io/\nselenide.baseUrl: https://app.testiny.io\n\torg.openqa.selenium.SessionNotCreatedException: Could not start a new session. Response code 500. Message: Process unexpectedly closed with status 1 \nHost info: host: 'fv-az1242-534', ip: '10.1.1.126'\nBuild info: version: '4.19.1', revision: 'abe0ee07dc'\nSystem info: os.name: 'Linux', os.arch: 'amd64', os.version: '6.5.0-1021-azure', java.version: '17.0.11'\nDriver info: org.openqa.selenium.firefox.FirefoxDriver\nCommand: [null, newSession {capabilities=[Capabilities {acceptInsecureCerts: true, browserName: firefox, moz:debuggerAddress: true, moz:firefoxOptions: {binary: /usr/bin/firefox, prefs: {browser.download.dir: /home/runner/work/FinalProj..., browser.download.folderList: 2, browser.helperApps.neverAsk.saveToDisk: video/3gpp;video/3gpp2;appl..., network.automatic-ntlm-auth.allow-non-fqdn: true, network.automatic-ntlm-auth.trusted-uris: http://,https://, network.http.phishy-userpass-length: 255, network.negotiate-auth.delegation-uris: http://,https://, network.negotiate-auth.trusted-uris: http://,https://, network.proxy.allow_hijacking_localhost: true, network.proxy.no_proxies_on: , pdfjs.disabled: true, security.csp.enable: false}}, pageLoadStrategy: normal, unhandledPromptBehavior: accept}]}]\nselenide.url: https://app.testiny.io/\nselenide.baseUrl: https://app.testiny.io\n\torg.openqa.selenium.SessionNotCreatedException: Could not start a new session. Response code 500. Message: Process unexpectedly closed with status 1 \nHost info: host: 'fv-az1242-534', ip: '10.1.1.126'\nBuild info: version: '4.19.1', revision: 'abe0ee07dc'\nSystem info: os.name: 'Linux', os.arch: 'amd64', os.version: '6.5.0-1021-azure', java.version: '17.0.11'\nDriver info: org.openqa.selenium.firefox.FirefoxDriver\nCommand: [null, newSession {capabilities=[Capabilities {acceptInsecureCerts: true, browserName: firefox, moz:debuggerAddress: true, moz:firefoxOptions: {binary: /usr/bin/firefox, prefs: {browser.download.dir: /home/runner/work/FinalProj..., browser.download.folderList: 2, browser.helperApps.neverAsk.saveToDisk: video/3gpp;video/3gpp2;appl..., network.automatic-ntlm-auth.allow-non-fqdn: true, network.automatic-ntlm-auth.trusted-uris: http://,https://, network.http.phishy-userpass-length: 255, network.negotiate-auth.delegation-uris: http://,https://, network.negotiate-auth.trusted-uris: http://,https://, network.proxy.allow_hijacking_localhost: true, network.proxy.no_proxies_on: , pdfjs.disabled: true, security.csp.enable: false}}, pageLoadStrategy: normal, unhandledPromptBehavior: accept}]}]\nselenide.url: https://app.testiny.io/\nselenide.baseUrl: https://app.testiny.io","time":{"start":1717691070857,"stop":1717691070858,"duration":1}},{"uid":"7082a8aae762d88c","reportUrl":"https://AlesyaOlejnik.github.io/FinalProject/30//#testresult/7082a8aae762d88c","status":"skipped","statusDetails":"Test tests.gui.PositiveUITests.setupBrowser failed (3 failures)\n\torg.openqa.selenium.SessionNotCreatedException: Could not start a new session. Response code 500. Message: session not created: Chrome failed to start: exited normally.\n  (session not created: DevToolsActivePort file doesn't exist)\n  (The process started from chrome location /usr/bin/google-chrome is no longer running, so ChromeDriver is assuming that Chrome has crashed.) \nHost info: host: 'fv-az1016-158', ip: '10.1.0.127'\nBuild info: version: '4.19.1', revision: 'abe0ee07dc'\nSystem info: os.name: 'Linux', os.arch: 'amd64', os.version: '6.5.0-1021-azure', java.version: '17.0.11'\nDriver info: org.openqa.selenium.chrome.ChromeDriver\nCommand: [null, newSession {capabilities=[Capabilities {acceptInsecureCerts: true, browserName: chrome, goog:chromeOptions: {args: [--proxy-bypass-list=<-loopb..., --disable-dev-shm-usage, --window-size=1920,1080], binary: /usr/bin/google-chrome, excludeSwitches: [enable-automation, load-extension], extensions: [], prefs: {credentials_enable_service: false, download.default_directory: /home/runner/work/FinalProj..., plugins.always_open_pdf_externally: true, profile.default_content_setting_values.automatic_downloads: 1, profile.password_manager_enabled: false, profile.password_manager_leak_detection: false, safebrowsing.enabled: true}}, pageLoadStrategy: normal, unhandledPromptBehavior: accept}]}]\nselenide.url: https://app.testiny.io/\nselenide.baseUrl: https://app.testiny.io\n\torg.openqa.selenium.SessionNotCreatedException: Could not start a new session. Response code 500. Message: session not created: Chrome failed to start: exited normally.\n  (session not created: DevToolsActivePort file doesn't exist)\n  (The process started from chrome location /usr/bin/google-chrome is no longer running, so ChromeDriver is assuming that Chrome has crashed.) \nHost info: host: 'fv-az1016-158', ip: '10.1.0.127'\nBuild info: version: '4.19.1', revision: 'abe0ee07dc'\nSystem info: os.name: 'Linux', os.arch: 'amd64', os.version: '6.5.0-1021-azure', java.version: '17.0.11'\nDriver info: org.openqa.selenium.chrome.ChromeDriver\nCommand: [null, newSession {capabilities=[Capabilities {acceptInsecureCerts: true, browserName: chrome, goog:chromeOptions: {args: [--proxy-bypass-list=<-loopb..., --disable-dev-shm-usage, --window-size=1920,1080], binary: /usr/bin/google-chrome, excludeSwitches: [enable-automation, load-extension], extensions: [], prefs: {credentials_enable_service: false, download.default_directory: /home/runner/work/FinalProj..., plugins.always_open_pdf_externally: true, profile.default_content_setting_values.automatic_downloads: 1, profile.password_manager_enabled: false, profile.password_manager_leak_detection: false, safebrowsing.enabled: true}}, pageLoadStrategy: normal, unhandledPromptBehavior: accept}]}]\nselenide.url: https://app.testiny.io/\nselenide.baseUrl: https://app.testiny.io\n\torg.openqa.selenium.SessionNotCreatedException: Could not start a new session. Response code 500. Message: session not created: Chrome failed to start: exited normally.\n  (session not created: DevToolsActivePort file doesn't exist)\n  (The process started from chrome location /usr/bin/google-chrome is no longer running, so ChromeDriver is assuming that Chrome has crashed.) \nHost info: host: 'fv-az1016-158', ip: '10.1.0.127'\nBuild info: version: '4.19.1', revision: 'abe0ee07dc'\nSystem info: os.name: 'Linux', os.arch: 'amd64', os.version: '6.5.0-1021-azure', java.version: '17.0.11'\nDriver info: org.openqa.selenium.chrome.ChromeDriver\nCommand: [null, newSession {capabilities=[Capabilities {acceptInsecureCerts: true, browserName: chrome, goog:chromeOptions: {args: [--proxy-bypass-list=<-loopb..., --disable-dev-shm-usage, --window-size=1920,1080], binary: /usr/bin/google-chrome, excludeSwitches: [enable-automation, load-extension], extensions: [], prefs: {credentials_enable_service: false, download.default_directory: /home/runner/work/FinalProj..., plugins.always_open_pdf_externally: true, profile.default_content_setting_values.automatic_downloads: 1, profile.password_manager_enabled: false, profile.password_manager_leak_detection: false, safebrowsing.enabled: true}}, pageLoadStrategy: normal, unhandledPromptBehavior: accept}]}]\nselenide.url: https://app.testiny.io/\nselenide.baseUrl: https://app.testiny.io","time":{"start":1717690921401,"stop":1717690921402,"duration":1}},{"uid":"4c70b2649bf948b8","reportUrl":"https://AlesyaOlejnik.github.io/FinalProject/29//#testresult/4c70b2649bf948b8","status":"skipped","statusDetails":"Test tests.gui.PositiveUITests.setupBrowser failed (3 failures)\n\torg.openqa.selenium.SessionNotCreatedException: Could not start a new session. Response code 500. Message: session not created: Chrome failed to start: exited normally.\n  (session not created: DevToolsActivePort file doesn't exist)\n  (The process started from chrome location /usr/bin/google-chrome is no longer running, so ChromeDriver is assuming that Chrome has crashed.) \nHost info: host: 'fv-az885-305', ip: '10.1.0.117'\nBuild info: version: '4.19.1', revision: 'abe0ee07dc'\nSystem info: os.name: 'Linux', os.arch: 'amd64', os.version: '6.5.0-1021-azure', java.version: '17.0.11'\nDriver info: org.openqa.selenium.chrome.ChromeDriver\nCommand: [null, newSession {capabilities=[Capabilities {acceptInsecureCerts: true, browserName: chrome, goog:chromeOptions: {args: [--proxy-bypass-list=<-loopb..., --disable-dev-shm-usage, --window-size=1920,1080], binary: /usr/bin/google-chrome, excludeSwitches: [enable-automation, load-extension], extensions: [], prefs: {credentials_enable_service: false, download.default_directory: /home/runner/work/FinalProj..., plugins.always_open_pdf_externally: true, profile.default_content_setting_values.automatic_downloads: 1, profile.password_manager_enabled: false, profile.password_manager_leak_detection: false, safebrowsing.enabled: true}}, pageLoadStrategy: normal, unhandledPromptBehavior: accept}]}]\nselenide.url: https://app.testiny.io/\nselenide.baseUrl: https://app.testiny.io\n\torg.openqa.selenium.SessionNotCreatedException: Could not start a new session. Response code 500. Message: session not created: Chrome failed to start: exited normally.\n  (session not created: DevToolsActivePort file doesn't exist)\n  (The process started from chrome location /usr/bin/google-chrome is no longer running, so ChromeDriver is assuming that Chrome has crashed.) \nHost info: host: 'fv-az885-305', ip: '10.1.0.117'\nBuild info: version: '4.19.1', revision: 'abe0ee07dc'\nSystem info: os.name: 'Linux', os.arch: 'amd64', os.version: '6.5.0-1021-azure', java.version: '17.0.11'\nDriver info: org.openqa.selenium.chrome.ChromeDriver\nCommand: [null, newSession {capabilities=[Capabilities {acceptInsecureCerts: true, browserName: chrome, goog:chromeOptions: {args: [--proxy-bypass-list=<-loopb..., --disable-dev-shm-usage, --window-size=1920,1080], binary: /usr/bin/google-chrome, excludeSwitches: [enable-automation, load-extension], extensions: [], prefs: {credentials_enable_service: false, download.default_directory: /home/runner/work/FinalProj..., plugins.always_open_pdf_externally: true, profile.default_content_setting_values.automatic_downloads: 1, profile.password_manager_enabled: false, profile.password_manager_leak_detection: false, safebrowsing.enabled: true}}, pageLoadStrategy: normal, unhandledPromptBehavior: accept}]}]\nselenide.url: https://app.testiny.io/\nselenide.baseUrl: https://app.testiny.io\n\torg.openqa.selenium.SessionNotCreatedException: Could not start a new session. Response code 500. Message: session not created: Chrome failed to start: exited normally.\n  (session not created: DevToolsActivePort file doesn't exist)\n  (The process started from chrome location /usr/bin/google-chrome is no longer running, so ChromeDriver is assuming that Chrome has crashed.) \nHost info: host: 'fv-az885-305', ip: '10.1.0.117'\nBuild info: version: '4.19.1', revision: 'abe0ee07dc'\nSystem info: os.name: 'Linux', os.arch: 'amd64', os.version: '6.5.0-1021-azure', java.version: '17.0.11'\nDriver info: org.openqa.selenium.chrome.ChromeDriver\nCommand: [null, newSession {capabilities=[Capabilities {acceptInsecureCerts: true, browserName: chrome, goog:chromeOptions: {args: [--proxy-bypass-list=<-loopb..., --disable-dev-shm-usage, --window-size=1920,1080], binary: /usr/bin/google-chrome, excludeSwitches: [enable-automation, load-extension], extensions: [], prefs: {credentials_enable_service: false, download.default_directory: /home/runner/work/FinalProj..., plugins.always_open_pdf_externally: true, profile.default_content_setting_values.automatic_downloads: 1, profile.password_manager_enabled: false, profile.password_manager_leak_detection: false, safebrowsing.enabled: true}}, pageLoadStrategy: normal, unhandledPromptBehavior: accept}]}]\nselenide.url: https://app.testiny.io/\nselenide.baseUrl: https://app.testiny.io","time":{"start":1717690693814,"stop":1717690693815,"duration":1}},{"uid":"1cec0ef7555ce19","reportUrl":"https://AlesyaOlejnik.github.io/FinalProject/28//#testresult/1cec0ef7555ce19","status":"skipped","statusDetails":"Test tests.gui.PositiveUITests.setupBrowser failed (3 failures)\n\torg.openqa.selenium.SessionNotCreatedException: Could not start a new session. Response code 500. Message: session not created: Chrome failed to start: exited normally.\n  (session not created: DevToolsActivePort file doesn't exist)\n  (The process started from chrome location /usr/bin/google-chrome is no longer running, so ChromeDriver is assuming that Chrome has crashed.) \nHost info: host: 'fv-az1383-897', ip: '10.1.0.204'\nBuild info: version: '4.19.1', revision: 'abe0ee07dc'\nSystem info: os.name: 'Linux', os.arch: 'amd64', os.version: '6.5.0-1021-azure', java.version: '17.0.11'\nDriver info: org.openqa.selenium.chrome.ChromeDriver\nCommand: [null, newSession {capabilities=[Capabilities {acceptInsecureCerts: true, browserName: chrome, goog:chromeOptions: {args: [--proxy-bypass-list=<-loopb..., --disable-dev-shm-usage, --window-size=1920,1080], binary: /usr/bin/google-chrome, excludeSwitches: [enable-automation, load-extension], extensions: [], prefs: {credentials_enable_service: false, download.default_directory: /home/runner/work/FinalProj..., plugins.always_open_pdf_externally: true, profile.default_content_setting_values.automatic_downloads: 1, profile.password_manager_enabled: false, profile.password_manager_leak_detection: false, safebrowsing.enabled: true}}, pageLoadStrategy: normal, unhandledPromptBehavior: accept}]}]\nselenide.url: https://app.testiny.io/\nselenide.baseUrl: https://app.testiny.io\n\torg.openqa.selenium.SessionNotCreatedException: Could not start a new session. Response code 500. Message: session not created: Chrome failed to start: exited normally.\n  (session not created: DevToolsActivePort file doesn't exist)\n  (The process started from chrome location /usr/bin/google-chrome is no longer running, so ChromeDriver is assuming that Chrome has crashed.) \nHost info: host: 'fv-az1383-897', ip: '10.1.0.204'\nBuild info: version: '4.19.1', revision: 'abe0ee07dc'\nSystem info: os.name: 'Linux', os.arch: 'amd64', os.version: '6.5.0-1021-azure', java.version: '17.0.11'\nDriver info: org.openqa.selenium.chrome.ChromeDriver\nCommand: [null, newSession {capabilities=[Capabilities {acceptInsecureCerts: true, browserName: chrome, goog:chromeOptions: {args: [--proxy-bypass-list=<-loopb..., --disable-dev-shm-usage, --window-size=1920,1080], binary: /usr/bin/google-chrome, excludeSwitches: [enable-automation, load-extension], extensions: [], prefs: {credentials_enable_service: false, download.default_directory: /home/runner/work/FinalProj..., plugins.always_open_pdf_externally: true, profile.default_content_setting_values.automatic_downloads: 1, profile.password_manager_enabled: false, profile.password_manager_leak_detection: false, safebrowsing.enabled: true}}, pageLoadStrategy: normal, unhandledPromptBehavior: accept}]}]\nselenide.url: https://app.testiny.io/\nselenide.baseUrl: https://app.testiny.io\n\torg.openqa.selenium.SessionNotCreatedException: Could not start a new session. Response code 500. Message: session not created: Chrome failed to start: exited normally.\n  (session not created: DevToolsActivePort file doesn't exist)\n  (The process started from chrome location /usr/bin/google-chrome is no longer running, so ChromeDriver is assuming that Chrome has crashed.) \nHost info: host: 'fv-az1383-897', ip: '10.1.0.204'\nBuild info: version: '4.19.1', revision: 'abe0ee07dc'\nSystem info: os.name: 'Linux', os.arch: 'amd64', os.version: '6.5.0-1021-azure', java.version: '17.0.11'\nDriver info: org.openqa.selenium.chrome.ChromeDriver\nCommand: [null, newSession {capabilities=[Capabilities {acceptInsecureCerts: true, browserName: chrome, goog:chromeOptions: {args: [--proxy-bypass-list=<-loopb..., --disable-dev-shm-usage, --window-size=1920,1080], binary: /usr/bin/google-chrome, excludeSwitches: [enable-automation, load-extension], extensions: [], prefs: {credentials_enable_service: false, download.default_directory: /home/runner/work/FinalProj..., plugins.always_open_pdf_externally: true, profile.default_content_setting_values.automatic_downloads: 1, profile.password_manager_enabled: false, profile.password_manager_leak_detection: false, safebrowsing.enabled: true}}, pageLoadStrategy: normal, unhandledPromptBehavior: accept}]}]\nselenide.url: https://app.testiny.io/\nselenide.baseUrl: https://app.testiny.io","time":{"start":1717690569264,"stop":1717690569264,"duration":0}},{"uid":"2723909c2f3fd01f","reportUrl":"https://AlesyaOlejnik.github.io/FinalProject/27//#testresult/2723909c2f3fd01f","status":"skipped","statusDetails":"Test tests.gui.PositiveUITests.setupBrowser failed (1 failure)\n\tjava.lang.IllegalStateException: No webdriver is bound to current thread: 1. You need to call open(url) first.","time":{"start":1717690070892,"stop":1717690070892,"duration":0}},{"uid":"b44cd2ec107ab49b","reportUrl":"https://AlesyaOlejnik.github.io/FinalProject/26//#testresult/b44cd2ec107ab49b","status":"skipped","statusDetails":"\nNative Injection is NOT supported for @BeforeSuite annotated setupSuite.\nFor more information on native dependency injection please refer to https://testng.org/doc/documentation-main.html#native-dependency-injection","time":{"start":1717689707215,"stop":1717689707215,"duration":0}},{"uid":"17190bbffcc60852","reportUrl":"https://AlesyaOlejnik.github.io/FinalProject/25//#testresult/17190bbffcc60852","status":"skipped","statusDetails":"Test tests.gui.PositiveUITests.setupBrowser failed (3 failures)\n\torg.openqa.selenium.SessionNotCreatedException: Could not start a new session. Response code 500. Message: session not created: Chrome failed to start: exited normally.\n  (session not created: DevToolsActivePort file doesn't exist)\n  (The process started from chrome location /usr/bin/google-chrome is no longer running, so ChromeDriver is assuming that Chrome has crashed.) \nHost info: host: 'fv-az1146-727', ip: '10.1.0.180'\nBuild info: version: '4.19.1', revision: 'abe0ee07dc'\nSystem info: os.name: 'Linux', os.arch: 'amd64', os.version: '6.5.0-1021-azure', java.version: '17.0.11'\nDriver info: org.openqa.selenium.chrome.ChromeDriver\nCommand: [null, newSession {capabilities=[Capabilities {acceptInsecureCerts: true, browserName: chrome, goog:chromeOptions: {args: [--proxy-bypass-list=<-loopb..., --disable-dev-shm-usage, --window-size=1920,1080], binary: /usr/bin/google-chrome, excludeSwitches: [enable-automation, load-extension], extensions: [], prefs: {credentials_enable_service: false, download.default_directory: /home/runner/work/FinalProj..., plugins.always_open_pdf_externally: true, profile.default_content_setting_values.automatic_downloads: 1, profile.password_manager_enabled: false, profile.password_manager_leak_detection: false, safebrowsing.enabled: true}}, pageLoadStrategy: normal, unhandledPromptBehavior: accept}]}]\nselenide.url: https://app.testiny.io/\nselenide.baseUrl: https://app.testiny.io\n\torg.openqa.selenium.SessionNotCreatedException: Could not start a new session. Response code 500. Message: session not created: Chrome failed to start: exited normally.\n  (session not created: DevToolsActivePort file doesn't exist)\n  (The process started from chrome location /usr/bin/google-chrome is no longer running, so ChromeDriver is assuming that Chrome has crashed.) \nHost info: host: 'fv-az1146-727', ip: '10.1.0.180'\nBuild info: version: '4.19.1', revision: 'abe0ee07dc'\nSystem info: os.name: 'Linux', os.arch: 'amd64', os.version: '6.5.0-1021-azure', java.version: '17.0.11'\nDriver info: org.openqa.selenium.chrome.ChromeDriver\nCommand: [null, newSession {capabilities=[Capabilities {acceptInsecureCerts: true, browserName: chrome, goog:chromeOptions: {args: [--proxy-bypass-list=<-loopb..., --disable-dev-shm-usage, --window-size=1920,1080], binary: /usr/bin/google-chrome, excludeSwitches: [enable-automation, load-extension], extensions: [], prefs: {credentials_enable_service: false, download.default_directory: /home/runner/work/FinalProj..., plugins.always_open_pdf_externally: true, profile.default_content_setting_values.automatic_downloads: 1, profile.password_manager_enabled: false, profile.password_manager_leak_detection: false, safebrowsing.enabled: true}}, pageLoadStrategy: normal, unhandledPromptBehavior: accept}]}]\nselenide.url: https://app.testiny.io/\nselenide.baseUrl: https://app.testiny.io\n\torg.openqa.selenium.SessionNotCreatedException: Could not start a new session. Response code 500. Message: session not created: Chrome failed to start: exited normally.\n  (session not created: DevToolsActivePort file doesn't exist)\n  (The process started from chrome location /usr/bin/google-chrome is no longer running, so ChromeDriver is assuming that Chrome has crashed.) \nHost info: host: 'fv-az1146-727', ip: '10.1.0.180'\nBuild info: version: '4.19.1', revision: 'abe0ee07dc'\nSystem info: os.name: 'Linux', os.arch: 'amd64', os.version: '6.5.0-1021-azure', java.version: '17.0.11'\nDriver info: org.openqa.selenium.chrome.ChromeDriver\nCommand: [null, newSession {capabilities=[Capabilities {acceptInsecureCerts: true, browserName: chrome, goog:chromeOptions: {args: [--proxy-bypass-list=<-loopb..., --disable-dev-shm-usage, --window-size=1920,1080], binary: /usr/bin/google-chrome, excludeSwitches: [enable-automation, load-extension], extensions: [], prefs: {credentials_enable_service: false, download.default_directory: /home/runner/work/FinalProj..., plugins.always_open_pdf_externally: true, profile.default_content_setting_values.automatic_downloads: 1, profile.password_manager_enabled: false, profile.password_manager_leak_detection: false, safebrowsing.enabled: true}}, pageLoadStrategy: normal, unhandledPromptBehavior: accept}]}]\nselenide.url: https://app.testiny.io/\nselenide.baseUrl: https://app.testiny.io","time":{"start":1717688853805,"stop":1717688853805,"duration":0}},{"uid":"831ab1552e13375c","reportUrl":"https://AlesyaOlejnik.github.io/FinalProject/24//#testresult/831ab1552e13375c","status":"skipped","statusDetails":"Test tests.gui.PositiveUITests.setupBrowser failed (3 failures)\n\torg.openqa.selenium.SessionNotCreatedException: Could not start a new session. Response code 500. Message: session not created: Chrome failed to start: exited normally.\n  (session not created: DevToolsActivePort file doesn't exist)\n  (The process started from chrome location /usr/bin/google-chrome is no longer running, so ChromeDriver is assuming that Chrome has crashed.) \nHost info: host: 'fv-az1205-875', ip: '10.1.0.8'\nBuild info: version: '4.19.1', revision: 'abe0ee07dc'\nSystem info: os.name: 'Linux', os.arch: 'amd64', os.version: '6.5.0-1021-azure', java.version: '17.0.11'\nDriver info: org.openqa.selenium.chrome.ChromeDriver\nCommand: [null, newSession {capabilities=[Capabilities {acceptInsecureCerts: true, browserName: chrome, goog:chromeOptions: {args: [--proxy-bypass-list=<-loopb..., --disable-dev-shm-usage, --window-size=1920,1080], binary: /usr/bin/google-chrome, excludeSwitches: [enable-automation, load-extension], extensions: [], prefs: {credentials_enable_service: false, download.default_directory: /home/runner/work/FinalProj..., plugins.always_open_pdf_externally: true, profile.default_content_setting_values.automatic_downloads: 1, profile.password_manager_enabled: false, profile.password_manager_leak_detection: false, safebrowsing.enabled: true}}, pageLoadStrategy: normal, unhandledPromptBehavior: accept}]}]\nselenide.url: https://app.testiny.io/\nselenide.baseUrl: https://app.testiny.io\n\torg.openqa.selenium.SessionNotCreatedException: Could not start a new session. Response code 500. Message: session not created: Chrome failed to start: exited normally.\n  (session not created: DevToolsActivePort file doesn't exist)\n  (The process started from chrome location /usr/bin/google-chrome is no longer running, so ChromeDriver is assuming that Chrome has crashed.) \nHost info: host: 'fv-az1205-875', ip: '10.1.0.8'\nBuild info: version: '4.19.1', revision: 'abe0ee07dc'\nSystem info: os.name: 'Linux', os.arch: 'amd64', os.version: '6.5.0-1021-azure', java.version: '17.0.11'\nDriver info: org.openqa.selenium.chrome.ChromeDriver\nCommand: [null, newSession {capabilities=[Capabilities {acceptInsecureCerts: true, browserName: chrome, goog:chromeOptions: {args: [--proxy-bypass-list=<-loopb..., --disable-dev-shm-usage, --window-size=1920,1080], binary: /usr/bin/google-chrome, excludeSwitches: [enable-automation, load-extension], extensions: [], prefs: {credentials_enable_service: false, download.default_directory: /home/runner/work/FinalProj..., plugins.always_open_pdf_externally: true, profile.default_content_setting_values.automatic_downloads: 1, profile.password_manager_enabled: false, profile.password_manager_leak_detection: false, safebrowsing.enabled: true}}, pageLoadStrategy: normal, unhandledPromptBehavior: accept}]}]\nselenide.url: https://app.testiny.io/\nselenide.baseUrl: https://app.testiny.io\n\torg.openqa.selenium.SessionNotCreatedException: Could not start a new session. Response code 500. Message: session not created: Chrome failed to start: exited normally.\n  (session not created: DevToolsActivePort file doesn't exist)\n  (The process started from chrome location /usr/bin/google-chrome is no longer running, so ChromeDriver is assuming that Chrome has crashed.) \nHost info: host: 'fv-az1205-875', ip: '10.1.0.8'\nBuild info: version: '4.19.1', revision: 'abe0ee07dc'\nSystem info: os.name: 'Linux', os.arch: 'amd64', os.version: '6.5.0-1021-azure', java.version: '17.0.11'\nDriver info: org.openqa.selenium.chrome.ChromeDriver\nCommand: [null, newSession {capabilities=[Capabilities {acceptInsecureCerts: true, browserName: chrome, goog:chromeOptions: {args: [--proxy-bypass-list=<-loopb..., --disable-dev-shm-usage, --window-size=1920,1080], binary: /usr/bin/google-chrome, excludeSwitches: [enable-automation, load-extension], extensions: [], prefs: {credentials_enable_service: false, download.default_directory: /home/runner/work/FinalProj..., plugins.always_open_pdf_externally: true, profile.default_content_setting_values.automatic_downloads: 1, profile.password_manager_enabled: false, profile.password_manager_leak_detection: false, safebrowsing.enabled: true}}, pageLoadStrategy: normal, unhandledPromptBehavior: accept}]}]\nselenide.url: https://app.testiny.io/\nselenide.baseUrl: https://app.testiny.io","time":{"start":1717688665071,"stop":1717688665072,"duration":1}},{"uid":"c99da9cfdf7eee89","reportUrl":"https://AlesyaOlejnik.github.io/FinalProject/22//#testresult/c99da9cfdf7eee89","status":"skipped","statusDetails":"Test tests.gui.PositiveUITests.setupBrowser failed (3 failures)\n\torg.openqa.selenium.SessionNotCreatedException: Could not start a new session. Response code 500. Message: session not created: Chrome failed to start: exited normally.\n  (session not created: DevToolsActivePort file doesn't exist)\n  (The process started from chrome location /usr/bin/google-chrome is no longer running, so ChromeDriver is assuming that Chrome has crashed.) \nHost info: host: 'fv-az1382-695', ip: '10.1.1.39'\nBuild info: version: '4.19.1', revision: 'abe0ee07dc'\nSystem info: os.name: 'Linux', os.arch: 'amd64', os.version: '6.5.0-1021-azure', java.version: '17.0.11'\nDriver info: org.openqa.selenium.chrome.ChromeDriver\nCommand: [null, newSession {capabilities=[Capabilities {acceptInsecureCerts: true, browserName: chrome, goog:chromeOptions: {args: [--proxy-bypass-list=<-loopb..., --disable-dev-shm-usage, --window-size=1920,1080], binary: /usr/bin/google-chrome, excludeSwitches: [enable-automation, load-extension], extensions: [], prefs: {credentials_enable_service: false, download.default_directory: /home/runner/work/FinalProj..., plugins.always_open_pdf_externally: true, profile.default_content_setting_values.automatic_downloads: 1, profile.password_manager_enabled: false, profile.password_manager_leak_detection: false, safebrowsing.enabled: true}}, pageLoadStrategy: normal, unhandledPromptBehavior: accept}]}]\nselenide.url: https://app.testiny.io/\nselenide.baseUrl: https://app.testiny.io\n\torg.openqa.selenium.SessionNotCreatedException: Could not start a new session. Response code 500. Message: session not created: Chrome failed to start: exited normally.\n  (session not created: DevToolsActivePort file doesn't exist)\n  (The process started from chrome location /usr/bin/google-chrome is no longer running, so ChromeDriver is assuming that Chrome has crashed.) \nHost info: host: 'fv-az1382-695', ip: '10.1.1.39'\nBuild info: version: '4.19.1', revision: 'abe0ee07dc'\nSystem info: os.name: 'Linux', os.arch: 'amd64', os.version: '6.5.0-1021-azure', java.version: '17.0.11'\nDriver info: org.openqa.selenium.chrome.ChromeDriver\nCommand: [null, newSession {capabilities=[Capabilities {acceptInsecureCerts: true, browserName: chrome, goog:chromeOptions: {args: [--proxy-bypass-list=<-loopb..., --disable-dev-shm-usage, --window-size=1920,1080], binary: /usr/bin/google-chrome, excludeSwitches: [enable-automation, load-extension], extensions: [], prefs: {credentials_enable_service: false, download.default_directory: /home/runner/work/FinalProj..., plugins.always_open_pdf_externally: true, profile.default_content_setting_values.automatic_downloads: 1, profile.password_manager_enabled: false, profile.password_manager_leak_detection: false, safebrowsing.enabled: true}}, pageLoadStrategy: normal, unhandledPromptBehavior: accept}]}]\nselenide.url: https://app.testiny.io/\nselenide.baseUrl: https://app.testiny.io\n\torg.openqa.selenium.SessionNotCreatedException: Could not start a new session. Response code 500. Message: session not created: Chrome failed to start: exited normally.\n  (session not created: DevToolsActivePort file doesn't exist)\n  (The process started from chrome location /usr/bin/google-chrome is no longer running, so ChromeDriver is assuming that Chrome has crashed.) \nHost info: host: 'fv-az1382-695', ip: '10.1.1.39'\nBuild info: version: '4.19.1', revision: 'abe0ee07dc'\nSystem info: os.name: 'Linux', os.arch: 'amd64', os.version: '6.5.0-1021-azure', java.version: '17.0.11'\nDriver info: org.openqa.selenium.chrome.ChromeDriver\nCommand: [null, newSession {capabilities=[Capabilities {acceptInsecureCerts: true, browserName: chrome, goog:chromeOptions: {args: [--proxy-bypass-list=<-loopb..., --disable-dev-shm-usage, --window-size=1920,1080], binary: /usr/bin/google-chrome, excludeSwitches: [enable-automation, load-extension], extensions: [], prefs: {credentials_enable_service: false, download.default_directory: /home/runner/work/FinalProj..., plugins.always_open_pdf_externally: true, profile.default_content_setting_values.automatic_downloads: 1, profile.password_manager_enabled: false, profile.password_manager_leak_detection: false, safebrowsing.enabled: true}}, pageLoadStrategy: normal, unhandledPromptBehavior: accept}]}]\nselenide.url: https://app.testiny.io/\nselenide.baseUrl: https://app.testiny.io","time":{"start":1717686570751,"stop":1717686570752,"duration":1}},{"uid":"a81b39598f7dae45","reportUrl":"https://AlesyaOlejnik.github.io/FinalProject/21//#testresult/a81b39598f7dae45","status":"skipped","statusDetails":"Test tests.gui.PositiveUITests.setupBrowser failed (3 failures)\n\torg.openqa.selenium.SessionNotCreatedException: Could not start a new session. Response code 500. Message: session not created: Chrome failed to start: exited normally.\n  (session not created: DevToolsActivePort file doesn't exist)\n  (The process started from chrome location /usr/bin/google-chrome is no longer running, so ChromeDriver is assuming that Chrome has crashed.) \nHost info: host: 'fv-az914-56', ip: '10.1.0.89'\nBuild info: version: '4.19.1', revision: 'abe0ee07dc'\nSystem info: os.name: 'Linux', os.arch: 'amd64', os.version: '6.5.0-1021-azure', java.version: '17.0.11'\nDriver info: org.openqa.selenium.chrome.ChromeDriver\nCommand: [null, newSession {capabilities=[Capabilities {acceptInsecureCerts: true, browserName: chrome, goog:chromeOptions: {args: [--proxy-bypass-list=<-loopb..., --disable-dev-shm-usage, --window-size=1920,1080], binary: /usr/bin/google-chrome, excludeSwitches: [enable-automation, load-extension], extensions: [], prefs: {credentials_enable_service: false, download.default_directory: /home/runner/work/FinalProj..., plugins.always_open_pdf_externally: true, profile.default_content_setting_values.automatic_downloads: 1, profile.password_manager_enabled: false, profile.password_manager_leak_detection: false, safebrowsing.enabled: true}}, pageLoadStrategy: normal, unhandledPromptBehavior: accept}]}]\nselenide.url: https://app.testiny.io/\nselenide.baseUrl: https://app.testiny.io\n\torg.openqa.selenium.SessionNotCreatedException: Could not start a new session. Response code 500. Message: session not created: Chrome failed to start: exited normally.\n  (session not created: DevToolsActivePort file doesn't exist)\n  (The process started from chrome location /usr/bin/google-chrome is no longer running, so ChromeDriver is assuming that Chrome has crashed.) \nHost info: host: 'fv-az914-56', ip: '10.1.0.89'\nBuild info: version: '4.19.1', revision: 'abe0ee07dc'\nSystem info: os.name: 'Linux', os.arch: 'amd64', os.version: '6.5.0-1021-azure', java.version: '17.0.11'\nDriver info: org.openqa.selenium.chrome.ChromeDriver\nCommand: [null, newSession {capabilities=[Capabilities {acceptInsecureCerts: true, browserName: chrome, goog:chromeOptions: {args: [--proxy-bypass-list=<-loopb..., --disable-dev-shm-usage, --window-size=1920,1080], binary: /usr/bin/google-chrome, excludeSwitches: [enable-automation, load-extension], extensions: [], prefs: {credentials_enable_service: false, download.default_directory: /home/runner/work/FinalProj..., plugins.always_open_pdf_externally: true, profile.default_content_setting_values.automatic_downloads: 1, profile.password_manager_enabled: false, profile.password_manager_leak_detection: false, safebrowsing.enabled: true}}, pageLoadStrategy: normal, unhandledPromptBehavior: accept}]}]\nselenide.url: https://app.testiny.io/\nselenide.baseUrl: https://app.testiny.io\n\torg.openqa.selenium.SessionNotCreatedException: Could not start a new session. Response code 500. Message: session not created: Chrome failed to start: exited normally.\n  (session not created: DevToolsActivePort file doesn't exist)\n  (The process started from chrome location /usr/bin/google-chrome is no longer running, so ChromeDriver is assuming that Chrome has crashed.) \nHost info: host: 'fv-az914-56', ip: '10.1.0.89'\nBuild info: version: '4.19.1', revision: 'abe0ee07dc'\nSystem info: os.name: 'Linux', os.arch: 'amd64', os.version: '6.5.0-1021-azure', java.version: '17.0.11'\nDriver info: org.openqa.selenium.chrome.ChromeDriver\nCommand: [null, newSession {capabilities=[Capabilities {acceptInsecureCerts: true, browserName: chrome, goog:chromeOptions: {args: [--proxy-bypass-list=<-loopb..., --disable-dev-shm-usage, --window-size=1920,1080], binary: /usr/bin/google-chrome, excludeSwitches: [enable-automation, load-extension], extensions: [], prefs: {credentials_enable_service: false, download.default_directory: /home/runner/work/FinalProj..., plugins.always_open_pdf_externally: true, profile.default_content_setting_values.automatic_downloads: 1, profile.password_manager_enabled: false, profile.password_manager_leak_detection: false, safebrowsing.enabled: true}}, pageLoadStrategy: normal, unhandledPromptBehavior: accept}]}]\nselenide.url: https://app.testiny.io/\nselenide.baseUrl: https://app.testiny.io","time":{"start":1717686533292,"stop":1717686533295,"duration":3}}]},"tags":[]},"source":"f08cbea4934acc09.json","parameterValues":[]}