{"uid":"d4226c6ede0a1ef5","name":"failedTest","fullName":"tests.gui.NegativeUITests.failedTest","historyId":"ef5e89be1d1ba05145c284c39aa48ca6","time":{"start":1717844692268,"stop":1717844704175,"duration":11907},"status":"passed","flaky":false,"newFailed":false,"newBroken":false,"newPassed":false,"retriesCount":0,"retriesStatusChange":false,"beforeStages":[{"name":"setupBrowser","time":{"start":1717844690958,"stop":1717844692266,"duration":1308},"description":"","status":"passed","steps":[{"name":"$(\"open\") https://app.testiny.io/","time":{"start":1717844690958,"stop":1717844692266,"duration":1308},"status":"passed","steps":[{"name":"$(\"webdriver\") create()","time":{"start":1717844690987,"stop":1717844691312,"duration":325},"status":"passed","steps":[],"attachments":[],"parameters":[],"shouldDisplayMessage":false,"stepsCount":0,"attachmentsCount":0,"hasContent":false}],"attachments":[],"parameters":[],"shouldDisplayMessage":false,"stepsCount":1,"attachmentsCount":0,"hasContent":true}],"attachments":[],"parameters":[],"shouldDisplayMessage":false,"stepsCount":2,"attachmentsCount":0,"hasContent":true}],"testStage":{"status":"passed","steps":[{"name":"$(\"#:r0:\") should be(visible)","time":{"start":1717844692268,"stop":1717844692609,"duration":341},"status":"passed","steps":[],"attachments":[],"parameters":[],"shouldDisplayMessage":false,"stepsCount":0,"attachmentsCount":0,"hasContent":false},{"name":"$(\"#:r0:\") send keys(alesya.olejnik@inbox.ru)","time":{"start":1717844692609,"stop":1717844692754,"duration":145},"status":"passed","steps":[],"attachments":[],"parameters":[],"shouldDisplayMessage":false,"stepsCount":0,"attachmentsCount":0,"hasContent":false},{"name":"$(\"#:r2:\") should be(visible)","time":{"start":1717844692754,"stop":1717844692774,"duration":20},"status":"passed","steps":[],"attachments":[],"parameters":[],"shouldDisplayMessage":false,"stepsCount":0,"attachmentsCount":0,"hasContent":false},{"name":"$(\"#:r2:\") send keys(navHy4-domgyt-dihhyt)","time":{"start":1717844692774,"stop":1717844692857,"duration":83},"status":"passed","steps":[],"attachments":[],"parameters":[],"shouldDisplayMessage":false,"stepsCount":0,"attachmentsCount":0,"hasContent":false},{"name":"$(\"By.xpath: //*[@data-testid='button-login']\") should be(clickable: interactable and enabled)","time":{"start":1717844692857,"stop":1717844693670,"duration":813},"status":"passed","steps":[],"attachments":[],"parameters":[],"shouldDisplayMessage":false,"stepsCount":0,"attachmentsCount":0,"hasContent":false},{"name":"$(\"By.xpath: //*[@data-testid='button-login']\") click()","time":{"start":1717844693670,"stop":1717844693732,"duration":62},"status":"passed","steps":[],"attachments":[],"parameters":[],"shouldDisplayMessage":false,"stepsCount":0,"attachmentsCount":0,"hasContent":false},{"name":"$(\"[there-is-no-selector='like-this]\") should be(visible)","time":{"start":1717844693732,"stop":1717844704175,"duration":10443},"status":"failed","statusMessage":"Element not found {[there-is-no-selector='like-this]}\nExpected: visible\nScreenshot: file:/home/runner/work/FinalProject/FinalProject/build/reports/tests/1717844703857.2.png\nPage source: file:/home/runner/work/FinalProject/FinalProject/build/reports/tests/1717844703857.2.html\nTimeout: 10 s.\nCaused by: NoSuchElementException: no such element: Unable to locate element: {\"method\":\"css selector\",\"selector\":\"[there-is-no-selector='like-this]\"}","statusTrace":"Element not found {[there-is-no-selector='like-this]}\nExpected: visible\nScreenshot: file:/home/runner/work/FinalProject/FinalProject/build/reports/tests/1717844703857.2.png\nPage source: file:/home/runner/work/FinalProject/FinalProject/build/reports/tests/1717844703857.2.html\nTimeout: 10 s.\nCaused by: NoSuchElementException: no such element: Unable to locate element: {\"method\":\"css selector\",\"selector\":\"[there-is-no-selector='like-this]\"}\n\tat com.codeborne.selenide.impl.WebElementSource.createElementNotFoundError(WebElementSource.java:90)\n\tat com.codeborne.selenide.impl.ElementFinder.createElementNotFoundError(ElementFinder.java:142)\n\tat com.codeborne.selenide.impl.WebElementSource.handleError(WebElementSource.java:142)\n\tat com.codeborne.selenide.impl.WebElementSource.checkConditionAndReturnElement(WebElementSource.java:126)\n\tat com.codeborne.selenide.impl.WebElementSource.checkCondition(WebElementSource.java:103)\n\tat com.codeborne.selenide.commands.Should.execute(Should.java:30)\n\tat com.codeborne.selenide.commands.Should.execute(Should.java:14)\n\tat com.codeborne.selenide.commands.Commands.execute(Commands.java:162)\n\tat com.codeborne.selenide.impl.SelenideElementProxy.dispatchAndRetry(SelenideElementProxy.java:134)\n\tat com.codeborne.selenide.impl.SelenideElementProxy.invoke(SelenideElementProxy.java:86)\n\tat jdk.proxy2/jdk.proxy2.$Proxy21.shouldBe(Unknown Source)\n\tat tests.gui.NegativeUITests.failedTest(NegativeUITests.java:30)\n\tat java.base/jdk.internal.reflect.NativeMethodAccessorImpl.invoke0(Native Method)\n\tat java.base/jdk.internal.reflect.NativeMethodAccessorImpl.invoke(NativeMethodAccessorImpl.java:77)\n\tat java.base/jdk.internal.reflect.DelegatingMethodAccessorImpl.invoke(DelegatingMethodAccessorImpl.java:43)\n\tat java.base/java.lang.reflect.Method.invoke(Method.java:568)\n\tat org.testng.internal.invokers.MethodInvocationHelper.invokeMethod(MethodInvocationHelper.java:139)\n\tat org.testng.internal.invokers.TestInvoker.invokeMethod(TestInvoker.java:664)\n\tat org.testng.internal.invokers.TestInvoker.invokeTestMethod(TestInvoker.java:228)\n\tat org.testng.internal.invokers.MethodRunner.runInSequence(MethodRunner.java:63)\n\tat org.testng.internal.invokers.TestInvoker$MethodInvocationAgent.invoke(TestInvoker.java:961)\n\tat org.testng.internal.invokers.TestInvoker.invokeTestMethods(TestInvoker.java:201)\n\tat org.testng.internal.invokers.TestMethodWorker.invokeTestMethods(TestMethodWorker.java:148)\n\tat org.testng.internal.invokers.TestMethodWorker.run(TestMethodWorker.java:128)\n\tat java.base/java.util.ArrayList.forEach(ArrayList.java:1511)\n\tat org.testng.TestRunner.privateRun(TestRunner.java:819)\n\tat org.testng.TestRunner.run(TestRunner.java:619)\n\tat org.testng.SuiteRunner.runTest(SuiteRunner.java:443)\n\tat org.testng.SuiteRunner.runSequentially(SuiteRunner.java:437)\n\tat org.testng.SuiteRunner.privateRun(SuiteRunner.java:397)\n\tat org.testng.SuiteRunner.run(SuiteRunner.java:336)\n\tat org.testng.SuiteRunnerWorker.runSuite(SuiteRunnerWorker.java:52)\n\tat org.testng.SuiteRunnerWorker.run(SuiteRunnerWorker.java:95)\n\tat org.testng.TestNG.runSuitesSequentially(TestNG.java:1301)\n\tat org.testng.TestNG.runSuitesLocally(TestNG.java:1228)\n\tat org.testng.TestNG.runSuites(TestNG.java:1134)\n\tat org.testng.TestNG.run(TestNG.java:1101)\n\tat org.apache.maven.surefire.testng.TestNGExecutor.run(TestNGExecutor.java:155)\n\tat org.apache.maven.surefire.testng.TestNGDirectoryTestSuite.executeSingleClass(TestNGDirectoryTestSuite.java:102)\n\tat org.apache.maven.surefire.testng.TestNGDirectoryTestSuite.executeLazy(TestNGDirectoryTestSuite.java:117)\n\tat org.apache.maven.surefire.testng.TestNGDirectoryTestSuite.execute(TestNGDirectoryTestSuite.java:86)\n\tat org.apache.maven.surefire.testng.TestNGProvider.invoke(TestNGProvider.java:137)\n\tat org.apache.maven.surefire.booter.ForkedBooter.runSuitesInProcess(ForkedBooter.java:385)\n\tat org.apache.maven.surefire.booter.ForkedBooter.execute(ForkedBooter.java:162)\n\tat org.apache.maven.surefire.booter.ForkedBooter.run(ForkedBooter.java:507)\n\tat org.apache.maven.surefire.booter.ForkedBooter.main(ForkedBooter.java:495)\nCaused by: org.openqa.selenium.NoSuchElementException: no such element: Unable to locate element: {\"method\":\"css selector\",\"selector\":\"[there-is-no-selector='like-this]\"}\n  (Session info: chrome=125.0.6422.141)\nFor documentation on this error, please visit: https://www.selenium.dev/documentation/webdriver/troubleshooting/errors#no-such-element-exception\nBuild info: version: '4.19.1', revision: 'abe0ee07dc'\nSystem info: os.name: 'Linux', os.arch: 'amd64', os.version: '6.5.0-1021-azure', java.version: '17.0.11'\nDriver info: org.openqa.selenium.chrome.ChromeDriver\nCommand: [a54b65c885ecc9911da3e26f1df4088e, findElement {using=css selector, value=[there-is-no-selector='like-this]}]\nCapabilities {acceptInsecureCerts: true, browserName: chrome, browserVersion: 125.0.6422.141, chrome: {chromedriverVersion: 125.0.6422.141 (4b1e8393712..., userDataDir: /tmp/.org.chromium.Chromium...}, fedcm:accounts: true, goog:chromeOptions: {debuggerAddress: localhost:42039}, networkConnectionEnabled: false, pageLoadStrategy: normal, platformName: linux, proxy: Proxy(), se:cdp: ws://localhost:42039/devtoo..., se:cdpVersion: 125.0.6422.141, setWindowRect: true, strictFileInteractability: false, timeouts: {implicit: 0, pageLoad: 300000, script: 30000}, unhandledPromptBehavior: accept, webauthn:extension:credBlob: true, webauthn:extension:largeBlob: true, webauthn:extension:minPinLength: true, webauthn:extension:prf: true, webauthn:virtualAuthenticators: true}\nSession ID: a54b65c885ecc9911da3e26f1df4088e\n\tat jdk.internal.reflect.GeneratedConstructorAccessor25.newInstance(Unknown Source)\n\tat java.base/jdk.internal.reflect.DelegatingConstructorAccessorImpl.newInstance(DelegatingConstructorAccessorImpl.java:45)\n\tat java.base/java.lang.reflect.Constructor.newInstanceWithCaller(Constructor.java:499)\n\tat java.base/java.lang.reflect.Constructor.newInstance(Constructor.java:480)\n\tat org.openqa.selenium.remote.ErrorCodec.decode(ErrorCodec.java:167)\n\tat org.openqa.selenium.remote.codec.w3c.W3CHttpResponseCodec.decode(W3CHttpResponseCodec.java:138)\n\tat org.openqa.selenium.remote.codec.w3c.W3CHttpResponseCodec.decode(W3CHttpResponseCodec.java:50)\n\tat org.openqa.selenium.remote.HttpCommandExecutor.execute(HttpCommandExecutor.java:190)\n\tat org.openqa.selenium.remote.service.DriverCommandExecutor.invokeExecute(DriverCommandExecutor.java:216)\n\tat org.openqa.selenium.remote.service.DriverCommandExecutor.execute(DriverCommandExecutor.java:174)\n\tat org.openqa.selenium.remote.RemoteWebDriver.execute(RemoteWebDriver.java:518)\n\tat org.openqa.selenium.remote.ElementLocation$ElementFinder$2.findElement(ElementLocation.java:165)\n\tat org.openqa.selenium.remote.ElementLocation.findElement(ElementLocation.java:59)\n\tat org.openqa.selenium.remote.RemoteWebDriver.findElement(RemoteWebDriver.java:355)\n\tat org.openqa.selenium.remote.RemoteWebDriver.findElement(RemoteWebDriver.java:349)\n\tat com.codeborne.selenide.impl.WebElementSelector.findElement(WebElementSelector.java:73)\n\tat com.codeborne.selenide.impl.WebElementSelector.findElement(WebElementSelector.java:46)\n\tat com.codeborne.selenide.impl.WebElementSelector.findElement(WebElementSelector.java:35)\n\tat com.codeborne.selenide.impl.ElementFinder.getWebElement(ElementFinder.java:122)\n\tat com.codeborne.selenide.impl.WebElementSource.checkConditionAndReturnElement(WebElementSource.java:115)\n\t... 42 more\n","steps":[],"attachments":[{"uid":"1c400ac3cea2b0ce","name":"Screenshot","source":"1c400ac3cea2b0ce.png","type":"image/png","size":81524},{"uid":"344787320f820ff6","name":"Page source","source":"344787320f820ff6.html","type":"text/html","size":547823}],"parameters":[],"shouldDisplayMessage":true,"stepsCount":0,"attachmentsCount":2,"hasContent":true}],"attachments":[],"parameters":[],"shouldDisplayMessage":false,"stepsCount":7,"attachmentsCount":2,"hasContent":true},"afterStages":[{"name":"closeBrowser","time":{"start":1717844704177,"stop":1717844704280,"duration":103},"description":"","status":"passed","steps":[{"name":"$(\"current window\") close()","time":{"start":1717844704177,"stop":1717844704280,"duration":103},"status":"passed","steps":[],"attachments":[],"parameters":[],"shouldDisplayMessage":false,"stepsCount":0,"attachmentsCount":0,"hasContent":false}],"attachments":[],"parameters":[],"shouldDisplayMessage":false,"stepsCount":1,"attachmentsCount":0,"hasContent":true}],"labels":[{"name":"package","value":"tests.gui.NegativeUITests"},{"name":"testClass","value":"tests.gui.NegativeUITests"},{"name":"testMethod","value":"failedTest"},{"name":"parentSuite","value":"Surefire suite"},{"name":"suite","value":"Surefire test"},{"name":"subSuite","value":"tests.gui.NegativeUITests"},{"name":"host","value":"fv-az1052-840"},{"name":"thread","value":"3941@fv-az1052-840.main(1)"},{"name":"framework","value":"testng"},{"name":"language","value":"java"},{"name":"resultFormat","value":"allure2"}],"parameters":[],"links":[],"hidden":false,"retry":false,"extra":{"severity":"normal","retries":[],"categories":[],"history":{"statistic":{"failed":0,"broken":0,"skipped":13,"passed":3,"unknown":0,"total":16},"items":[{"uid":"6e3921c08742f40d","reportUrl":"https://AlesyaOlejnik.github.io/FinalProject/36//#testresult/6e3921c08742f40d","status":"passed","time":{"start":1717844033296,"stop":1717844045215,"duration":11919}},{"uid":"a4fe0b5344101e53","reportUrl":"https://AlesyaOlejnik.github.io/FinalProject/35//#testresult/a4fe0b5344101e53","status":"passed","time":{"start":1717695041281,"stop":1717695053127,"duration":11846}},{"uid":"ab86c5d648d6fbaa","reportUrl":"https://AlesyaOlejnik.github.io/FinalProject/34//#testresult/ab86c5d648d6fbaa","status":"skipped","statusDetails":"Test tests.gui.NegativeUITests.setupBrowser failed (3 failures)\n\torg.openqa.selenium.SessionNotCreatedException: Could not start a new session. Response code 500. Message: session not created: Chrome failed to start: exited normally.\n  (session not created: DevToolsActivePort file doesn't exist)\n  (The process started from chrome location /usr/bin/google-chrome is no longer running, so ChromeDriver is assuming that Chrome has crashed.) \nHost info: host: 'fv-az1456-98', ip: '10.1.0.18'\nBuild info: version: '4.19.1', revision: 'abe0ee07dc'\nSystem info: os.name: 'Linux', os.arch: 'amd64', os.version: '6.5.0-1021-azure', java.version: '17.0.11'\nDriver info: org.openqa.selenium.chrome.ChromeDriver\nCommand: [null, newSession {capabilities=[Capabilities {acceptInsecureCerts: true, browserName: chrome, goog:chromeOptions: {args: [--proxy-bypass-list=<-loopb..., --disable-dev-shm-usage, --window-size=1920,1080], binary: /usr/bin/google-chrome, excludeSwitches: [enable-automation, load-extension], extensions: [], prefs: {credentials_enable_service: false, download.default_directory: /home/runner/work/FinalProj..., plugins.always_open_pdf_externally: true, profile.default_content_setting_values.automatic_downloads: 1, profile.password_manager_enabled: false, profile.password_manager_leak_detection: false, safebrowsing.enabled: true}}, pageLoadStrategy: normal, unhandledPromptBehavior: accept}]}]\nselenide.url: https://app.testiny.io/\nselenide.baseUrl: https://app.testiny.io\n\torg.openqa.selenium.SessionNotCreatedException: Could not start a new session. Response code 500. Message: session not created: Chrome failed to start: exited normally.\n  (session not created: DevToolsActivePort file doesn't exist)\n  (The process started from chrome location /usr/bin/google-chrome is no longer running, so ChromeDriver is assuming that Chrome has crashed.) \nHost info: host: 'fv-az1456-98', ip: '10.1.0.18'\nBuild info: version: '4.19.1', revision: 'abe0ee07dc'\nSystem info: os.name: 'Linux', os.arch: 'amd64', os.version: '6.5.0-1021-azure', java.version: '17.0.11'\nDriver info: org.openqa.selenium.chrome.ChromeDriver\nCommand: [null, newSession {capabilities=[Capabilities {acceptInsecureCerts: true, browserName: chrome, goog:chromeOptions: {args: [--proxy-bypass-list=<-loopb..., --disable-dev-shm-usage, --window-size=1920,1080], binary: /usr/bin/google-chrome, excludeSwitches: [enable-automation, load-extension], extensions: [], prefs: {credentials_enable_service: false, download.default_directory: /home/runner/work/FinalProj..., plugins.always_open_pdf_externally: true, profile.default_content_setting_values.automatic_downloads: 1, profile.password_manager_enabled: false, profile.password_manager_leak_detection: false, safebrowsing.enabled: true}}, pageLoadStrategy: normal, unhandledPromptBehavior: accept}]}]\nselenide.url: https://app.testiny.io/\nselenide.baseUrl: https://app.testiny.io\n\torg.openqa.selenium.SessionNotCreatedException: Could not start a new session. Response code 500. Message: session not created: Chrome failed to start: exited normally.\n  (session not created: DevToolsActivePort file doesn't exist)\n  (The process started from chrome location /usr/bin/google-chrome is no longer running, so ChromeDriver is assuming that Chrome has crashed.) \nHost info: host: 'fv-az1456-98', ip: '10.1.0.18'\nBuild info: version: '4.19.1', revision: 'abe0ee07dc'\nSystem info: os.name: 'Linux', os.arch: 'amd64', os.version: '6.5.0-1021-azure', java.version: '17.0.11'\nDriver info: org.openqa.selenium.chrome.ChromeDriver\nCommand: [null, newSession {capabilities=[Capabilities {acceptInsecureCerts: true, browserName: chrome, goog:chromeOptions: {args: [--proxy-bypass-list=<-loopb..., --disable-dev-shm-usage, --window-size=1920,1080], binary: /usr/bin/google-chrome, excludeSwitches: [enable-automation, load-extension], extensions: [], prefs: {credentials_enable_service: false, download.default_directory: /home/runner/work/FinalProj..., plugins.always_open_pdf_externally: true, profile.default_content_setting_values.automatic_downloads: 1, profile.password_manager_enabled: false, profile.password_manager_leak_detection: false, safebrowsing.enabled: true}}, pageLoadStrategy: normal, unhandledPromptBehavior: accept}]}]\nselenide.url: https://app.testiny.io/\nselenide.baseUrl: https://app.testiny.io","time":{"start":1717691409102,"stop":1717691409103,"duration":1}},{"uid":"2c109e3adbb866c9","reportUrl":"https://AlesyaOlejnik.github.io/FinalProject/33//#testresult/2c109e3adbb866c9","status":"skipped","statusDetails":"Test tests.gui.NegativeUITests.setupBrowser failed (3 failures)\n\torg.openqa.selenium.SessionNotCreatedException: Could not start a new session. Response code 500. Message: Process unexpectedly closed with status 1 \nHost info: host: 'fv-az2022-813', ip: '10.1.0.11'\nBuild info: version: '4.19.1', revision: 'abe0ee07dc'\nSystem info: os.name: 'Linux', os.arch: 'amd64', os.version: '6.5.0-1021-azure', java.version: '17.0.11'\nDriver info: org.openqa.selenium.firefox.FirefoxDriver\nCommand: [null, newSession {capabilities=[Capabilities {acceptInsecureCerts: true, browserName: firefox, moz:debuggerAddress: true, moz:firefoxOptions: {binary: /usr/bin/firefox, prefs: {browser.download.dir: /home/runner/work/FinalProj..., browser.download.folderList: 2, browser.helperApps.neverAsk.saveToDisk: video/3gpp;video/3gpp2;appl..., network.automatic-ntlm-auth.allow-non-fqdn: true, network.automatic-ntlm-auth.trusted-uris: http://,https://, network.http.phishy-userpass-length: 255, network.negotiate-auth.delegation-uris: http://,https://, network.negotiate-auth.trusted-uris: http://,https://, network.proxy.allow_hijacking_localhost: true, network.proxy.no_proxies_on: , pdfjs.disabled: true, security.csp.enable: false}}, pageLoadStrategy: normal, unhandledPromptBehavior: accept}]}]\nselenide.url: https://app.testiny.io/\nselenide.baseUrl: https://app.testiny.io\n\torg.openqa.selenium.SessionNotCreatedException: Could not start a new session. Response code 500. Message: Process unexpectedly closed with status 1 \nHost info: host: 'fv-az2022-813', ip: '10.1.0.11'\nBuild info: version: '4.19.1', revision: 'abe0ee07dc'\nSystem info: os.name: 'Linux', os.arch: 'amd64', os.version: '6.5.0-1021-azure', java.version: '17.0.11'\nDriver info: org.openqa.selenium.firefox.FirefoxDriver\nCommand: [null, newSession {capabilities=[Capabilities {acceptInsecureCerts: true, browserName: firefox, moz:debuggerAddress: true, moz:firefoxOptions: {binary: /usr/bin/firefox, prefs: {browser.download.dir: /home/runner/work/FinalProj..., browser.download.folderList: 2, browser.helperApps.neverAsk.saveToDisk: video/3gpp;video/3gpp2;appl..., network.automatic-ntlm-auth.allow-non-fqdn: true, network.automatic-ntlm-auth.trusted-uris: http://,https://, network.http.phishy-userpass-length: 255, network.negotiate-auth.delegation-uris: http://,https://, network.negotiate-auth.trusted-uris: http://,https://, network.proxy.allow_hijacking_localhost: true, network.proxy.no_proxies_on: , pdfjs.disabled: true, security.csp.enable: false}}, pageLoadStrategy: normal, unhandledPromptBehavior: accept}]}]\nselenide.url: https://app.testiny.io/\nselenide.baseUrl: https://app.testiny.io\n\torg.openqa.selenium.SessionNotCreatedException: Could not start a new session. Response code 500. Message: Process unexpectedly closed with status 1 \nHost info: host: 'fv-az2022-813', ip: '10.1.0.11'\nBuild info: version: '4.19.1', revision: 'abe0ee07dc'\nSystem info: os.name: 'Linux', os.arch: 'amd64', os.version: '6.5.0-1021-azure', java.version: '17.0.11'\nDriver info: org.openqa.selenium.firefox.FirefoxDriver\nCommand: [null, newSession {capabilities=[Capabilities {acceptInsecureCerts: true, browserName: firefox, moz:debuggerAddress: true, moz:firefoxOptions: {binary: /usr/bin/firefox, prefs: {browser.download.dir: /home/runner/work/FinalProj..., browser.download.folderList: 2, browser.helperApps.neverAsk.saveToDisk: video/3gpp;video/3gpp2;appl..., network.automatic-ntlm-auth.allow-non-fqdn: true, network.automatic-ntlm-auth.trusted-uris: http://,https://, network.http.phishy-userpass-length: 255, network.negotiate-auth.delegation-uris: http://,https://, network.negotiate-auth.trusted-uris: http://,https://, network.proxy.allow_hijacking_localhost: true, network.proxy.no_proxies_on: , pdfjs.disabled: true, security.csp.enable: false}}, pageLoadStrategy: normal, unhandledPromptBehavior: accept}]}]\nselenide.url: https://app.testiny.io/\nselenide.baseUrl: https://app.testiny.io","time":{"start":1717691322009,"stop":1717691322010,"duration":1}},{"uid":"a940da54c49460c5","reportUrl":"https://AlesyaOlejnik.github.io/FinalProject/32//#testresult/a940da54c49460c5","status":"skipped","statusDetails":"Test tests.gui.NegativeUITests.setupBrowser failed (3 failures)\n\torg.openqa.selenium.SessionNotCreatedException: Could not start a new session. Response code 500. Message: Process unexpectedly closed with status 1 \nHost info: host: 'fv-az1756-250', ip: '10.1.0.160'\nBuild info: version: '4.19.1', revision: 'abe0ee07dc'\nSystem info: os.name: 'Linux', os.arch: 'amd64', os.version: '6.5.0-1021-azure', java.version: '17.0.11'\nDriver info: org.openqa.selenium.firefox.FirefoxDriver\nCommand: [null, newSession {capabilities=[Capabilities {acceptInsecureCerts: true, browserName: firefox, moz:debuggerAddress: true, moz:firefoxOptions: {binary: /usr/bin/firefox, prefs: {browser.download.dir: /home/runner/work/FinalProj..., browser.download.folderList: 2, browser.helperApps.neverAsk.saveToDisk: video/3gpp;video/3gpp2;appl..., network.automatic-ntlm-auth.allow-non-fqdn: true, network.automatic-ntlm-auth.trusted-uris: http://,https://, network.http.phishy-userpass-length: 255, network.negotiate-auth.delegation-uris: http://,https://, network.negotiate-auth.trusted-uris: http://,https://, network.proxy.allow_hijacking_localhost: true, network.proxy.no_proxies_on: , pdfjs.disabled: true, security.csp.enable: false}}, pageLoadStrategy: normal, unhandledPromptBehavior: accept}]}]\nselenide.url: https://app.testiny.io/\nselenide.baseUrl: https://app.testiny.io\n\torg.openqa.selenium.SessionNotCreatedException: Could not start a new session. Response code 500. Message: Process unexpectedly closed with status 1 \nHost info: host: 'fv-az1756-250', ip: '10.1.0.160'\nBuild info: version: '4.19.1', revision: 'abe0ee07dc'\nSystem info: os.name: 'Linux', os.arch: 'amd64', os.version: '6.5.0-1021-azure', java.version: '17.0.11'\nDriver info: org.openqa.selenium.firefox.FirefoxDriver\nCommand: [null, newSession {capabilities=[Capabilities {acceptInsecureCerts: true, browserName: firefox, moz:debuggerAddress: true, moz:firefoxOptions: {binary: /usr/bin/firefox, prefs: {browser.download.dir: /home/runner/work/FinalProj..., browser.download.folderList: 2, browser.helperApps.neverAsk.saveToDisk: video/3gpp;video/3gpp2;appl..., network.automatic-ntlm-auth.allow-non-fqdn: true, network.automatic-ntlm-auth.trusted-uris: http://,https://, network.http.phishy-userpass-length: 255, network.negotiate-auth.delegation-uris: http://,https://, network.negotiate-auth.trusted-uris: http://,https://, network.proxy.allow_hijacking_localhost: true, network.proxy.no_proxies_on: , pdfjs.disabled: true, security.csp.enable: false}}, pageLoadStrategy: normal, unhandledPromptBehavior: accept}]}]\nselenide.url: https://app.testiny.io/\nselenide.baseUrl: https://app.testiny.io\n\torg.openqa.selenium.SessionNotCreatedException: Could not start a new session. Response code 500. Message: Process unexpectedly closed with status 1 \nHost info: host: 'fv-az1756-250', ip: '10.1.0.160'\nBuild info: version: '4.19.1', revision: 'abe0ee07dc'\nSystem info: os.name: 'Linux', os.arch: 'amd64', os.version: '6.5.0-1021-azure', java.version: '17.0.11'\nDriver info: org.openqa.selenium.firefox.FirefoxDriver\nCommand: [null, newSession {capabilities=[Capabilities {acceptInsecureCerts: true, browserName: firefox, moz:debuggerAddress: true, moz:firefoxOptions: {binary: /usr/bin/firefox, prefs: {browser.download.dir: /home/runner/work/FinalProj..., browser.download.folderList: 2, browser.helperApps.neverAsk.saveToDisk: video/3gpp;video/3gpp2;appl..., network.automatic-ntlm-auth.allow-non-fqdn: true, network.automatic-ntlm-auth.trusted-uris: http://,https://, network.http.phishy-userpass-length: 255, network.negotiate-auth.delegation-uris: http://,https://, network.negotiate-auth.trusted-uris: http://,https://, network.proxy.allow_hijacking_localhost: true, network.proxy.no_proxies_on: , pdfjs.disabled: true, security.csp.enable: false}}, pageLoadStrategy: normal, unhandledPromptBehavior: accept}]}]\nselenide.url: https://app.testiny.io/\nselenide.baseUrl: https://app.testiny.io","time":{"start":1717691207063,"stop":1717691207064,"duration":1}},{"uid":"73375f8553cd58f","reportUrl":"https://AlesyaOlejnik.github.io/FinalProject/31//#testresult/73375f8553cd58f","status":"skipped","statusDetails":"Test tests.gui.NegativeUITests.setupBrowser failed (3 failures)\n\torg.openqa.selenium.SessionNotCreatedException: Could not start a new session. Response code 500. Message: Process unexpectedly closed with status 1 \nHost info: host: 'fv-az1242-534', ip: '10.1.1.126'\nBuild info: version: '4.19.1', revision: 'abe0ee07dc'\nSystem info: os.name: 'Linux', os.arch: 'amd64', os.version: '6.5.0-1021-azure', java.version: '17.0.11'\nDriver info: org.openqa.selenium.firefox.FirefoxDriver\nCommand: [null, newSession {capabilities=[Capabilities {acceptInsecureCerts: true, browserName: firefox, moz:debuggerAddress: true, moz:firefoxOptions: {binary: /usr/bin/firefox, prefs: {browser.download.dir: /home/runner/work/FinalProj..., browser.download.folderList: 2, browser.helperApps.neverAsk.saveToDisk: video/3gpp;video/3gpp2;appl..., network.automatic-ntlm-auth.allow-non-fqdn: true, network.automatic-ntlm-auth.trusted-uris: http://,https://, network.http.phishy-userpass-length: 255, network.negotiate-auth.delegation-uris: http://,https://, network.negotiate-auth.trusted-uris: http://,https://, network.proxy.allow_hijacking_localhost: true, network.proxy.no_proxies_on: , pdfjs.disabled: true, security.csp.enable: false}}, pageLoadStrategy: normal, unhandledPromptBehavior: accept}]}]\nselenide.url: https://app.testiny.io/\nselenide.baseUrl: https://app.testiny.io\n\torg.openqa.selenium.SessionNotCreatedException: Could not start a new session. Response code 500. Message: Process unexpectedly closed with status 1 \nHost info: host: 'fv-az1242-534', ip: '10.1.1.126'\nBuild info: version: '4.19.1', revision: 'abe0ee07dc'\nSystem info: os.name: 'Linux', os.arch: 'amd64', os.version: '6.5.0-1021-azure', java.version: '17.0.11'\nDriver info: org.openqa.selenium.firefox.FirefoxDriver\nCommand: [null, newSession {capabilities=[Capabilities {acceptInsecureCerts: true, browserName: firefox, moz:debuggerAddress: true, moz:firefoxOptions: {binary: /usr/bin/firefox, prefs: {browser.download.dir: /home/runner/work/FinalProj..., browser.download.folderList: 2, browser.helperApps.neverAsk.saveToDisk: video/3gpp;video/3gpp2;appl..., network.automatic-ntlm-auth.allow-non-fqdn: true, network.automatic-ntlm-auth.trusted-uris: http://,https://, network.http.phishy-userpass-length: 255, network.negotiate-auth.delegation-uris: http://,https://, network.negotiate-auth.trusted-uris: http://,https://, network.proxy.allow_hijacking_localhost: true, network.proxy.no_proxies_on: , pdfjs.disabled: true, security.csp.enable: false}}, pageLoadStrategy: normal, unhandledPromptBehavior: accept}]}]\nselenide.url: https://app.testiny.io/\nselenide.baseUrl: https://app.testiny.io\n\torg.openqa.selenium.SessionNotCreatedException: Could not start a new session. Response code 500. Message: Process unexpectedly closed with status 1 \nHost info: host: 'fv-az1242-534', ip: '10.1.1.126'\nBuild info: version: '4.19.1', revision: 'abe0ee07dc'\nSystem info: os.name: 'Linux', os.arch: 'amd64', os.version: '6.5.0-1021-azure', java.version: '17.0.11'\nDriver info: org.openqa.selenium.firefox.FirefoxDriver\nCommand: [null, newSession {capabilities=[Capabilities {acceptInsecureCerts: true, browserName: firefox, moz:debuggerAddress: true, moz:firefoxOptions: {binary: /usr/bin/firefox, prefs: {browser.download.dir: /home/runner/work/FinalProj..., browser.download.folderList: 2, browser.helperApps.neverAsk.saveToDisk: video/3gpp;video/3gpp2;appl..., network.automatic-ntlm-auth.allow-non-fqdn: true, network.automatic-ntlm-auth.trusted-uris: http://,https://, network.http.phishy-userpass-length: 255, network.negotiate-auth.delegation-uris: http://,https://, network.negotiate-auth.trusted-uris: http://,https://, network.proxy.allow_hijacking_localhost: true, network.proxy.no_proxies_on: , pdfjs.disabled: true, security.csp.enable: false}}, pageLoadStrategy: normal, unhandledPromptBehavior: accept}]}]\nselenide.url: https://app.testiny.io/\nselenide.baseUrl: https://app.testiny.io","time":{"start":1717691071163,"stop":1717691071164,"duration":1}},{"uid":"90f6a0ddd2c52388","reportUrl":"https://AlesyaOlejnik.github.io/FinalProject/30//#testresult/90f6a0ddd2c52388","status":"skipped","statusDetails":"Test tests.gui.NegativeUITests.setupBrowser failed (3 failures)\n\torg.openqa.selenium.SessionNotCreatedException: Could not start a new session. Response code 500. Message: session not created: Chrome failed to start: exited normally.\n  (session not created: DevToolsActivePort file doesn't exist)\n  (The process started from chrome location /usr/bin/google-chrome is no longer running, so ChromeDriver is assuming that Chrome has crashed.) \nHost info: host: 'fv-az1016-158', ip: '10.1.0.127'\nBuild info: version: '4.19.1', revision: 'abe0ee07dc'\nSystem info: os.name: 'Linux', os.arch: 'amd64', os.version: '6.5.0-1021-azure', java.version: '17.0.11'\nDriver info: org.openqa.selenium.chrome.ChromeDriver\nCommand: [null, newSession {capabilities=[Capabilities {acceptInsecureCerts: true, browserName: chrome, goog:chromeOptions: {args: [--proxy-bypass-list=<-loopb..., --disable-dev-shm-usage, --window-size=1920,1080], binary: /usr/bin/google-chrome, excludeSwitches: [enable-automation, load-extension], extensions: [], prefs: {credentials_enable_service: false, download.default_directory: /home/runner/work/FinalProj..., plugins.always_open_pdf_externally: true, profile.default_content_setting_values.automatic_downloads: 1, profile.password_manager_enabled: false, profile.password_manager_leak_detection: false, safebrowsing.enabled: true}}, pageLoadStrategy: normal, unhandledPromptBehavior: accept}]}]\nselenide.url: https://app.testiny.io/\nselenide.baseUrl: https://app.testiny.io\n\torg.openqa.selenium.SessionNotCreatedException: Could not start a new session. Response code 500. Message: session not created: Chrome failed to start: exited normally.\n  (session not created: DevToolsActivePort file doesn't exist)\n  (The process started from chrome location /usr/bin/google-chrome is no longer running, so ChromeDriver is assuming that Chrome has crashed.) \nHost info: host: 'fv-az1016-158', ip: '10.1.0.127'\nBuild info: version: '4.19.1', revision: 'abe0ee07dc'\nSystem info: os.name: 'Linux', os.arch: 'amd64', os.version: '6.5.0-1021-azure', java.version: '17.0.11'\nDriver info: org.openqa.selenium.chrome.ChromeDriver\nCommand: [null, newSession {capabilities=[Capabilities {acceptInsecureCerts: true, browserName: chrome, goog:chromeOptions: {args: [--proxy-bypass-list=<-loopb..., --disable-dev-shm-usage, --window-size=1920,1080], binary: /usr/bin/google-chrome, excludeSwitches: [enable-automation, load-extension], extensions: [], prefs: {credentials_enable_service: false, download.default_directory: /home/runner/work/FinalProj..., plugins.always_open_pdf_externally: true, profile.default_content_setting_values.automatic_downloads: 1, profile.password_manager_enabled: false, profile.password_manager_leak_detection: false, safebrowsing.enabled: true}}, pageLoadStrategy: normal, unhandledPromptBehavior: accept}]}]\nselenide.url: https://app.testiny.io/\nselenide.baseUrl: https://app.testiny.io\n\torg.openqa.selenium.SessionNotCreatedException: Could not start a new session. Response code 500. Message: session not created: Chrome failed to start: exited normally.\n  (session not created: DevToolsActivePort file doesn't exist)\n  (The process started from chrome location /usr/bin/google-chrome is no longer running, so ChromeDriver is assuming that Chrome has crashed.) \nHost info: host: 'fv-az1016-158', ip: '10.1.0.127'\nBuild info: version: '4.19.1', revision: 'abe0ee07dc'\nSystem info: os.name: 'Linux', os.arch: 'amd64', os.version: '6.5.0-1021-azure', java.version: '17.0.11'\nDriver info: org.openqa.selenium.chrome.ChromeDriver\nCommand: [null, newSession {capabilities=[Capabilities {acceptInsecureCerts: true, browserName: chrome, goog:chromeOptions: {args: [--proxy-bypass-list=<-loopb..., --disable-dev-shm-usage, --window-size=1920,1080], binary: /usr/bin/google-chrome, excludeSwitches: [enable-automation, load-extension], extensions: [], prefs: {credentials_enable_service: false, download.default_directory: /home/runner/work/FinalProj..., plugins.always_open_pdf_externally: true, profile.default_content_setting_values.automatic_downloads: 1, profile.password_manager_enabled: false, profile.password_manager_leak_detection: false, safebrowsing.enabled: true}}, pageLoadStrategy: normal, unhandledPromptBehavior: accept}]}]\nselenide.url: https://app.testiny.io/\nselenide.baseUrl: https://app.testiny.io","time":{"start":1717690921613,"stop":1717690921614,"duration":1}},{"uid":"7423db220a45d6af","reportUrl":"https://AlesyaOlejnik.github.io/FinalProject/29//#testresult/7423db220a45d6af","status":"skipped","statusDetails":"Test tests.gui.NegativeUITests.setupBrowser failed (3 failures)\n\torg.openqa.selenium.SessionNotCreatedException: Could not start a new session. Response code 500. Message: session not created: Chrome failed to start: exited normally.\n  (session not created: DevToolsActivePort file doesn't exist)\n  (The process started from chrome location /usr/bin/google-chrome is no longer running, so ChromeDriver is assuming that Chrome has crashed.) \nHost info: host: 'fv-az885-305', ip: '10.1.0.117'\nBuild info: version: '4.19.1', revision: 'abe0ee07dc'\nSystem info: os.name: 'Linux', os.arch: 'amd64', os.version: '6.5.0-1021-azure', java.version: '17.0.11'\nDriver info: org.openqa.selenium.chrome.ChromeDriver\nCommand: [null, newSession {capabilities=[Capabilities {acceptInsecureCerts: true, browserName: chrome, goog:chromeOptions: {args: [--proxy-bypass-list=<-loopb..., --disable-dev-shm-usage, --window-size=1920,1080], binary: /usr/bin/google-chrome, excludeSwitches: [enable-automation, load-extension], extensions: [], prefs: {credentials_enable_service: false, download.default_directory: /home/runner/work/FinalProj..., plugins.always_open_pdf_externally: true, profile.default_content_setting_values.automatic_downloads: 1, profile.password_manager_enabled: false, profile.password_manager_leak_detection: false, safebrowsing.enabled: true}}, pageLoadStrategy: normal, unhandledPromptBehavior: accept}]}]\nselenide.url: https://app.testiny.io/\nselenide.baseUrl: https://app.testiny.io\n\torg.openqa.selenium.SessionNotCreatedException: Could not start a new session. Response code 500. Message: session not created: Chrome failed to start: exited normally.\n  (session not created: DevToolsActivePort file doesn't exist)\n  (The process started from chrome location /usr/bin/google-chrome is no longer running, so ChromeDriver is assuming that Chrome has crashed.) \nHost info: host: 'fv-az885-305', ip: '10.1.0.117'\nBuild info: version: '4.19.1', revision: 'abe0ee07dc'\nSystem info: os.name: 'Linux', os.arch: 'amd64', os.version: '6.5.0-1021-azure', java.version: '17.0.11'\nDriver info: org.openqa.selenium.chrome.ChromeDriver\nCommand: [null, newSession {capabilities=[Capabilities {acceptInsecureCerts: true, browserName: chrome, goog:chromeOptions: {args: [--proxy-bypass-list=<-loopb..., --disable-dev-shm-usage, --window-size=1920,1080], binary: /usr/bin/google-chrome, excludeSwitches: [enable-automation, load-extension], extensions: [], prefs: {credentials_enable_service: false, download.default_directory: /home/runner/work/FinalProj..., plugins.always_open_pdf_externally: true, profile.default_content_setting_values.automatic_downloads: 1, profile.password_manager_enabled: false, profile.password_manager_leak_detection: false, safebrowsing.enabled: true}}, pageLoadStrategy: normal, unhandledPromptBehavior: accept}]}]\nselenide.url: https://app.testiny.io/\nselenide.baseUrl: https://app.testiny.io\n\torg.openqa.selenium.SessionNotCreatedException: Could not start a new session. Response code 500. Message: session not created: Chrome failed to start: exited normally.\n  (session not created: DevToolsActivePort file doesn't exist)\n  (The process started from chrome location /usr/bin/google-chrome is no longer running, so ChromeDriver is assuming that Chrome has crashed.) \nHost info: host: 'fv-az885-305', ip: '10.1.0.117'\nBuild info: version: '4.19.1', revision: 'abe0ee07dc'\nSystem info: os.name: 'Linux', os.arch: 'amd64', os.version: '6.5.0-1021-azure', java.version: '17.0.11'\nDriver info: org.openqa.selenium.chrome.ChromeDriver\nCommand: [null, newSession {capabilities=[Capabilities {acceptInsecureCerts: true, browserName: chrome, goog:chromeOptions: {args: [--proxy-bypass-list=<-loopb..., --disable-dev-shm-usage, --window-size=1920,1080], binary: /usr/bin/google-chrome, excludeSwitches: [enable-automation, load-extension], extensions: [], prefs: {credentials_enable_service: false, download.default_directory: /home/runner/work/FinalProj..., plugins.always_open_pdf_externally: true, profile.default_content_setting_values.automatic_downloads: 1, profile.password_manager_enabled: false, profile.password_manager_leak_detection: false, safebrowsing.enabled: true}}, pageLoadStrategy: normal, unhandledPromptBehavior: accept}]}]\nselenide.url: https://app.testiny.io/\nselenide.baseUrl: https://app.testiny.io","time":{"start":1717690694550,"stop":1717690694552,"duration":2}},{"uid":"659d021fcc5f3c9e","reportUrl":"https://AlesyaOlejnik.github.io/FinalProject/28//#testresult/659d021fcc5f3c9e","status":"skipped","statusDetails":"Test tests.gui.NegativeUITests.setupBrowser failed (3 failures)\n\torg.openqa.selenium.SessionNotCreatedException: Could not start a new session. Response code 500. Message: session not created: Chrome failed to start: exited normally.\n  (session not created: DevToolsActivePort file doesn't exist)\n  (The process started from chrome location /usr/bin/google-chrome is no longer running, so ChromeDriver is assuming that Chrome has crashed.) \nHost info: host: 'fv-az1383-897', ip: '10.1.0.204'\nBuild info: version: '4.19.1', revision: 'abe0ee07dc'\nSystem info: os.name: 'Linux', os.arch: 'amd64', os.version: '6.5.0-1021-azure', java.version: '17.0.11'\nDriver info: org.openqa.selenium.chrome.ChromeDriver\nCommand: [null, newSession {capabilities=[Capabilities {acceptInsecureCerts: true, browserName: chrome, goog:chromeOptions: {args: [--proxy-bypass-list=<-loopb..., --disable-dev-shm-usage, --window-size=1920,1080], binary: /usr/bin/google-chrome, excludeSwitches: [enable-automation, load-extension], extensions: [], prefs: {credentials_enable_service: false, download.default_directory: /home/runner/work/FinalProj..., plugins.always_open_pdf_externally: true, profile.default_content_setting_values.automatic_downloads: 1, profile.password_manager_enabled: false, profile.password_manager_leak_detection: false, safebrowsing.enabled: true}}, pageLoadStrategy: normal, unhandledPromptBehavior: accept}]}]\nselenide.url: https://app.testiny.io/\nselenide.baseUrl: https://app.testiny.io\n\torg.openqa.selenium.SessionNotCreatedException: Could not start a new session. Response code 500. Message: session not created: Chrome failed to start: exited normally.\n  (session not created: DevToolsActivePort file doesn't exist)\n  (The process started from chrome location /usr/bin/google-chrome is no longer running, so ChromeDriver is assuming that Chrome has crashed.) \nHost info: host: 'fv-az1383-897', ip: '10.1.0.204'\nBuild info: version: '4.19.1', revision: 'abe0ee07dc'\nSystem info: os.name: 'Linux', os.arch: 'amd64', os.version: '6.5.0-1021-azure', java.version: '17.0.11'\nDriver info: org.openqa.selenium.chrome.ChromeDriver\nCommand: [null, newSession {capabilities=[Capabilities {acceptInsecureCerts: true, browserName: chrome, goog:chromeOptions: {args: [--proxy-bypass-list=<-loopb..., --disable-dev-shm-usage, --window-size=1920,1080], binary: /usr/bin/google-chrome, excludeSwitches: [enable-automation, load-extension], extensions: [], prefs: {credentials_enable_service: false, download.default_directory: /home/runner/work/FinalProj..., plugins.always_open_pdf_externally: true, profile.default_content_setting_values.automatic_downloads: 1, profile.password_manager_enabled: false, profile.password_manager_leak_detection: false, safebrowsing.enabled: true}}, pageLoadStrategy: normal, unhandledPromptBehavior: accept}]}]\nselenide.url: https://app.testiny.io/\nselenide.baseUrl: https://app.testiny.io\n\torg.openqa.selenium.SessionNotCreatedException: Could not start a new session. Response code 500. Message: session not created: Chrome failed to start: exited normally.\n  (session not created: DevToolsActivePort file doesn't exist)\n  (The process started from chrome location /usr/bin/google-chrome is no longer running, so ChromeDriver is assuming that Chrome has crashed.) \nHost info: host: 'fv-az1383-897', ip: '10.1.0.204'\nBuild info: version: '4.19.1', revision: 'abe0ee07dc'\nSystem info: os.name: 'Linux', os.arch: 'amd64', os.version: '6.5.0-1021-azure', java.version: '17.0.11'\nDriver info: org.openqa.selenium.chrome.ChromeDriver\nCommand: [null, newSession {capabilities=[Capabilities {acceptInsecureCerts: true, browserName: chrome, goog:chromeOptions: {args: [--proxy-bypass-list=<-loopb..., --disable-dev-shm-usage, --window-size=1920,1080], binary: /usr/bin/google-chrome, excludeSwitches: [enable-automation, load-extension], extensions: [], prefs: {credentials_enable_service: false, download.default_directory: /home/runner/work/FinalProj..., plugins.always_open_pdf_externally: true, profile.default_content_setting_values.automatic_downloads: 1, profile.password_manager_enabled: false, profile.password_manager_leak_detection: false, safebrowsing.enabled: true}}, pageLoadStrategy: normal, unhandledPromptBehavior: accept}]}]\nselenide.url: https://app.testiny.io/\nselenide.baseUrl: https://app.testiny.io","time":{"start":1717690569704,"stop":1717690569705,"duration":1}},{"uid":"ba51371381caf1df","reportUrl":"https://AlesyaOlejnik.github.io/FinalProject/27//#testresult/ba51371381caf1df","status":"skipped","statusDetails":"Test tests.gui.NegativeUITests.setupBrowser failed (1 failure)\n\tjava.lang.IllegalStateException: No webdriver is bound to current thread: 1. You need to call open(url) first.","time":{"start":1717690071016,"stop":1717690071016,"duration":0}},{"uid":"410e0c565b5b45ad","reportUrl":"https://AlesyaOlejnik.github.io/FinalProject/26//#testresult/410e0c565b5b45ad","status":"skipped","statusDetails":"Test tests.gui.NegativeUITests.setupSuite failed (1 failure)\n\torg.testng.TestNGException: \nNative Injection is NOT supported for @BeforeSuite annotated setupSuite.\nFor more information on native dependency injection please refer to https://testng.org/doc/documentation-main.html#native-dependency-injection","time":{"start":1717689707366,"stop":1717689707366,"duration":0}},{"uid":"68ac5bf460533386","reportUrl":"https://AlesyaOlejnik.github.io/FinalProject/25//#testresult/68ac5bf460533386","status":"skipped","statusDetails":"Test tests.gui.NegativeUITests.setupBrowser failed (3 failures)\n\torg.openqa.selenium.SessionNotCreatedException: Could not start a new session. Response code 500. Message: session not created: Chrome failed to start: exited normally.\n  (session not created: DevToolsActivePort file doesn't exist)\n  (The process started from chrome location /usr/bin/google-chrome is no longer running, so ChromeDriver is assuming that Chrome has crashed.) \nHost info: host: 'fv-az1146-727', ip: '10.1.0.180'\nBuild info: version: '4.19.1', revision: 'abe0ee07dc'\nSystem info: os.name: 'Linux', os.arch: 'amd64', os.version: '6.5.0-1021-azure', java.version: '17.0.11'\nDriver info: org.openqa.selenium.chrome.ChromeDriver\nCommand: [null, newSession {capabilities=[Capabilities {acceptInsecureCerts: true, browserName: chrome, goog:chromeOptions: {args: [--proxy-bypass-list=<-loopb..., --disable-dev-shm-usage, --window-size=1920,1080], binary: /usr/bin/google-chrome, excludeSwitches: [enable-automation, load-extension], extensions: [], prefs: {credentials_enable_service: false, download.default_directory: /home/runner/work/FinalProj..., plugins.always_open_pdf_externally: true, profile.default_content_setting_values.automatic_downloads: 1, profile.password_manager_enabled: false, profile.password_manager_leak_detection: false, safebrowsing.enabled: true}}, pageLoadStrategy: normal, unhandledPromptBehavior: accept}]}]\nselenide.url: https://app.testiny.io/\nselenide.baseUrl: https://app.testiny.io\n\torg.openqa.selenium.SessionNotCreatedException: Could not start a new session. Response code 500. Message: session not created: Chrome failed to start: exited normally.\n  (session not created: DevToolsActivePort file doesn't exist)\n  (The process started from chrome location /usr/bin/google-chrome is no longer running, so ChromeDriver is assuming that Chrome has crashed.) \nHost info: host: 'fv-az1146-727', ip: '10.1.0.180'\nBuild info: version: '4.19.1', revision: 'abe0ee07dc'\nSystem info: os.name: 'Linux', os.arch: 'amd64', os.version: '6.5.0-1021-azure', java.version: '17.0.11'\nDriver info: org.openqa.selenium.chrome.ChromeDriver\nCommand: [null, newSession {capabilities=[Capabilities {acceptInsecureCerts: true, browserName: chrome, goog:chromeOptions: {args: [--proxy-bypass-list=<-loopb..., --disable-dev-shm-usage, --window-size=1920,1080], binary: /usr/bin/google-chrome, excludeSwitches: [enable-automation, load-extension], extensions: [], prefs: {credentials_enable_service: false, download.default_directory: /home/runner/work/FinalProj..., plugins.always_open_pdf_externally: true, profile.default_content_setting_values.automatic_downloads: 1, profile.password_manager_enabled: false, profile.password_manager_leak_detection: false, safebrowsing.enabled: true}}, pageLoadStrategy: normal, unhandledPromptBehavior: accept}]}]\nselenide.url: https://app.testiny.io/\nselenide.baseUrl: https://app.testiny.io\n\torg.openqa.selenium.SessionNotCreatedException: Could not start a new session. Response code 500. Message: session not created: Chrome failed to start: exited normally.\n  (session not created: DevToolsActivePort file doesn't exist)\n  (The process started from chrome location /usr/bin/google-chrome is no longer running, so ChromeDriver is assuming that Chrome has crashed.) \nHost info: host: 'fv-az1146-727', ip: '10.1.0.180'\nBuild info: version: '4.19.1', revision: 'abe0ee07dc'\nSystem info: os.name: 'Linux', os.arch: 'amd64', os.version: '6.5.0-1021-azure', java.version: '17.0.11'\nDriver info: org.openqa.selenium.chrome.ChromeDriver\nCommand: [null, newSession {capabilities=[Capabilities {acceptInsecureCerts: true, browserName: chrome, goog:chromeOptions: {args: [--proxy-bypass-list=<-loopb..., --disable-dev-shm-usage, --window-size=1920,1080], binary: /usr/bin/google-chrome, excludeSwitches: [enable-automation, load-extension], extensions: [], prefs: {credentials_enable_service: false, download.default_directory: /home/runner/work/FinalProj..., plugins.always_open_pdf_externally: true, profile.default_content_setting_values.automatic_downloads: 1, profile.password_manager_enabled: false, profile.password_manager_leak_detection: false, safebrowsing.enabled: true}}, pageLoadStrategy: normal, unhandledPromptBehavior: accept}]}]\nselenide.url: https://app.testiny.io/\nselenide.baseUrl: https://app.testiny.io","time":{"start":1717688854304,"stop":1717688854305,"duration":1}},{"uid":"eef29f9e73aeba7a","reportUrl":"https://AlesyaOlejnik.github.io/FinalProject/24//#testresult/eef29f9e73aeba7a","status":"skipped","statusDetails":"Test tests.gui.NegativeUITests.setupBrowser failed (3 failures)\n\torg.openqa.selenium.SessionNotCreatedException: Could not start a new session. Response code 500. Message: session not created: Chrome failed to start: exited normally.\n  (session not created: DevToolsActivePort file doesn't exist)\n  (The process started from chrome location /usr/bin/google-chrome is no longer running, so ChromeDriver is assuming that Chrome has crashed.) \nHost info: host: 'fv-az1205-875', ip: '10.1.0.8'\nBuild info: version: '4.19.1', revision: 'abe0ee07dc'\nSystem info: os.name: 'Linux', os.arch: 'amd64', os.version: '6.5.0-1021-azure', java.version: '17.0.11'\nDriver info: org.openqa.selenium.chrome.ChromeDriver\nCommand: [null, newSession {capabilities=[Capabilities {acceptInsecureCerts: true, browserName: chrome, goog:chromeOptions: {args: [--proxy-bypass-list=<-loopb..., --disable-dev-shm-usage, --window-size=1920,1080], binary: /usr/bin/google-chrome, excludeSwitches: [enable-automation, load-extension], extensions: [], prefs: {credentials_enable_service: false, download.default_directory: /home/runner/work/FinalProj..., plugins.always_open_pdf_externally: true, profile.default_content_setting_values.automatic_downloads: 1, profile.password_manager_enabled: false, profile.password_manager_leak_detection: false, safebrowsing.enabled: true}}, pageLoadStrategy: normal, unhandledPromptBehavior: accept}]}]\nselenide.url: https://app.testiny.io/\nselenide.baseUrl: https://app.testiny.io\n\torg.openqa.selenium.SessionNotCreatedException: Could not start a new session. Response code 500. Message: session not created: Chrome failed to start: exited normally.\n  (session not created: DevToolsActivePort file doesn't exist)\n  (The process started from chrome location /usr/bin/google-chrome is no longer running, so ChromeDriver is assuming that Chrome has crashed.) \nHost info: host: 'fv-az1205-875', ip: '10.1.0.8'\nBuild info: version: '4.19.1', revision: 'abe0ee07dc'\nSystem info: os.name: 'Linux', os.arch: 'amd64', os.version: '6.5.0-1021-azure', java.version: '17.0.11'\nDriver info: org.openqa.selenium.chrome.ChromeDriver\nCommand: [null, newSession {capabilities=[Capabilities {acceptInsecureCerts: true, browserName: chrome, goog:chromeOptions: {args: [--proxy-bypass-list=<-loopb..., --disable-dev-shm-usage, --window-size=1920,1080], binary: /usr/bin/google-chrome, excludeSwitches: [enable-automation, load-extension], extensions: [], prefs: {credentials_enable_service: false, download.default_directory: /home/runner/work/FinalProj..., plugins.always_open_pdf_externally: true, profile.default_content_setting_values.automatic_downloads: 1, profile.password_manager_enabled: false, profile.password_manager_leak_detection: false, safebrowsing.enabled: true}}, pageLoadStrategy: normal, unhandledPromptBehavior: accept}]}]\nselenide.url: https://app.testiny.io/\nselenide.baseUrl: https://app.testiny.io\n\torg.openqa.selenium.SessionNotCreatedException: Could not start a new session. Response code 500. Message: session not created: Chrome failed to start: exited normally.\n  (session not created: DevToolsActivePort file doesn't exist)\n  (The process started from chrome location /usr/bin/google-chrome is no longer running, so ChromeDriver is assuming that Chrome has crashed.) \nHost info: host: 'fv-az1205-875', ip: '10.1.0.8'\nBuild info: version: '4.19.1', revision: 'abe0ee07dc'\nSystem info: os.name: 'Linux', os.arch: 'amd64', os.version: '6.5.0-1021-azure', java.version: '17.0.11'\nDriver info: org.openqa.selenium.chrome.ChromeDriver\nCommand: [null, newSession {capabilities=[Capabilities {acceptInsecureCerts: true, browserName: chrome, goog:chromeOptions: {args: [--proxy-bypass-list=<-loopb..., --disable-dev-shm-usage, --window-size=1920,1080], binary: /usr/bin/google-chrome, excludeSwitches: [enable-automation, load-extension], extensions: [], prefs: {credentials_enable_service: false, download.default_directory: /home/runner/work/FinalProj..., plugins.always_open_pdf_externally: true, profile.default_content_setting_values.automatic_downloads: 1, profile.password_manager_enabled: false, profile.password_manager_leak_detection: false, safebrowsing.enabled: true}}, pageLoadStrategy: normal, unhandledPromptBehavior: accept}]}]\nselenide.url: https://app.testiny.io/\nselenide.baseUrl: https://app.testiny.io","time":{"start":1717688665331,"stop":1717688665332,"duration":1}},{"uid":"df323fb93b5f0f07","reportUrl":"https://AlesyaOlejnik.github.io/FinalProject/22//#testresult/df323fb93b5f0f07","status":"skipped","statusDetails":"Test tests.gui.NegativeUITests.setupBrowser failed (3 failures)\n\torg.openqa.selenium.SessionNotCreatedException: Could not start a new session. Response code 500. Message: session not created: Chrome failed to start: exited normally.\n  (session not created: DevToolsActivePort file doesn't exist)\n  (The process started from chrome location /usr/bin/google-chrome is no longer running, so ChromeDriver is assuming that Chrome has crashed.) \nHost info: host: 'fv-az1382-695', ip: '10.1.1.39'\nBuild info: version: '4.19.1', revision: 'abe0ee07dc'\nSystem info: os.name: 'Linux', os.arch: 'amd64', os.version: '6.5.0-1021-azure', java.version: '17.0.11'\nDriver info: org.openqa.selenium.chrome.ChromeDriver\nCommand: [null, newSession {capabilities=[Capabilities {acceptInsecureCerts: true, browserName: chrome, goog:chromeOptions: {args: [--proxy-bypass-list=<-loopb..., --disable-dev-shm-usage, --window-size=1920,1080], binary: /usr/bin/google-chrome, excludeSwitches: [enable-automation, load-extension], extensions: [], prefs: {credentials_enable_service: false, download.default_directory: /home/runner/work/FinalProj..., plugins.always_open_pdf_externally: true, profile.default_content_setting_values.automatic_downloads: 1, profile.password_manager_enabled: false, profile.password_manager_leak_detection: false, safebrowsing.enabled: true}}, pageLoadStrategy: normal, unhandledPromptBehavior: accept}]}]\nselenide.url: https://app.testiny.io/\nselenide.baseUrl: https://app.testiny.io\n\torg.openqa.selenium.SessionNotCreatedException: Could not start a new session. Response code 500. Message: session not created: Chrome failed to start: exited normally.\n  (session not created: DevToolsActivePort file doesn't exist)\n  (The process started from chrome location /usr/bin/google-chrome is no longer running, so ChromeDriver is assuming that Chrome has crashed.) \nHost info: host: 'fv-az1382-695', ip: '10.1.1.39'\nBuild info: version: '4.19.1', revision: 'abe0ee07dc'\nSystem info: os.name: 'Linux', os.arch: 'amd64', os.version: '6.5.0-1021-azure', java.version: '17.0.11'\nDriver info: org.openqa.selenium.chrome.ChromeDriver\nCommand: [null, newSession {capabilities=[Capabilities {acceptInsecureCerts: true, browserName: chrome, goog:chromeOptions: {args: [--proxy-bypass-list=<-loopb..., --disable-dev-shm-usage, --window-size=1920,1080], binary: /usr/bin/google-chrome, excludeSwitches: [enable-automation, load-extension], extensions: [], prefs: {credentials_enable_service: false, download.default_directory: /home/runner/work/FinalProj..., plugins.always_open_pdf_externally: true, profile.default_content_setting_values.automatic_downloads: 1, profile.password_manager_enabled: false, profile.password_manager_leak_detection: false, safebrowsing.enabled: true}}, pageLoadStrategy: normal, unhandledPromptBehavior: accept}]}]\nselenide.url: https://app.testiny.io/\nselenide.baseUrl: https://app.testiny.io\n\torg.openqa.selenium.SessionNotCreatedException: Could not start a new session. Response code 500. Message: session not created: Chrome failed to start: exited normally.\n  (session not created: DevToolsActivePort file doesn't exist)\n  (The process started from chrome location /usr/bin/google-chrome is no longer running, so ChromeDriver is assuming that Chrome has crashed.) \nHost info: host: 'fv-az1382-695', ip: '10.1.1.39'\nBuild info: version: '4.19.1', revision: 'abe0ee07dc'\nSystem info: os.name: 'Linux', os.arch: 'amd64', os.version: '6.5.0-1021-azure', java.version: '17.0.11'\nDriver info: org.openqa.selenium.chrome.ChromeDriver\nCommand: [null, newSession {capabilities=[Capabilities {acceptInsecureCerts: true, browserName: chrome, goog:chromeOptions: {args: [--proxy-bypass-list=<-loopb..., --disable-dev-shm-usage, --window-size=1920,1080], binary: /usr/bin/google-chrome, excludeSwitches: [enable-automation, load-extension], extensions: [], prefs: {credentials_enable_service: false, download.default_directory: /home/runner/work/FinalProj..., plugins.always_open_pdf_externally: true, profile.default_content_setting_values.automatic_downloads: 1, profile.password_manager_enabled: false, profile.password_manager_leak_detection: false, safebrowsing.enabled: true}}, pageLoadStrategy: normal, unhandledPromptBehavior: accept}]}]\nselenide.url: https://app.testiny.io/\nselenide.baseUrl: https://app.testiny.io","time":{"start":1717686570740,"stop":1717686570741,"duration":1}},{"uid":"4c6fe682e0a3f43d","reportUrl":"https://AlesyaOlejnik.github.io/FinalProject/21//#testresult/4c6fe682e0a3f43d","status":"skipped","statusDetails":"Test tests.gui.NegativeUITests.setupBrowser failed (3 failures)\n\torg.openqa.selenium.SessionNotCreatedException: Could not start a new session. Response code 500. Message: session not created: Chrome failed to start: exited normally.\n  (session not created: DevToolsActivePort file doesn't exist)\n  (The process started from chrome location /usr/bin/google-chrome is no longer running, so ChromeDriver is assuming that Chrome has crashed.) \nHost info: host: 'fv-az914-56', ip: '10.1.0.89'\nBuild info: version: '4.19.1', revision: 'abe0ee07dc'\nSystem info: os.name: 'Linux', os.arch: 'amd64', os.version: '6.5.0-1021-azure', java.version: '17.0.11'\nDriver info: org.openqa.selenium.chrome.ChromeDriver\nCommand: [null, newSession {capabilities=[Capabilities {acceptInsecureCerts: true, browserName: chrome, goog:chromeOptions: {args: [--proxy-bypass-list=<-loopb..., --disable-dev-shm-usage, --window-size=1920,1080], binary: /usr/bin/google-chrome, excludeSwitches: [enable-automation, load-extension], extensions: [], prefs: {credentials_enable_service: false, download.default_directory: /home/runner/work/FinalProj..., plugins.always_open_pdf_externally: true, profile.default_content_setting_values.automatic_downloads: 1, profile.password_manager_enabled: false, profile.password_manager_leak_detection: false, safebrowsing.enabled: true}}, pageLoadStrategy: normal, unhandledPromptBehavior: accept}]}]\nselenide.url: https://app.testiny.io/\nselenide.baseUrl: https://app.testiny.io\n\torg.openqa.selenium.SessionNotCreatedException: Could not start a new session. Response code 500. Message: session not created: Chrome failed to start: exited normally.\n  (session not created: DevToolsActivePort file doesn't exist)\n  (The process started from chrome location /usr/bin/google-chrome is no longer running, so ChromeDriver is assuming that Chrome has crashed.) \nHost info: host: 'fv-az914-56', ip: '10.1.0.89'\nBuild info: version: '4.19.1', revision: 'abe0ee07dc'\nSystem info: os.name: 'Linux', os.arch: 'amd64', os.version: '6.5.0-1021-azure', java.version: '17.0.11'\nDriver info: org.openqa.selenium.chrome.ChromeDriver\nCommand: [null, newSession {capabilities=[Capabilities {acceptInsecureCerts: true, browserName: chrome, goog:chromeOptions: {args: [--proxy-bypass-list=<-loopb..., --disable-dev-shm-usage, --window-size=1920,1080], binary: /usr/bin/google-chrome, excludeSwitches: [enable-automation, load-extension], extensions: [], prefs: {credentials_enable_service: false, download.default_directory: /home/runner/work/FinalProj..., plugins.always_open_pdf_externally: true, profile.default_content_setting_values.automatic_downloads: 1, profile.password_manager_enabled: false, profile.password_manager_leak_detection: false, safebrowsing.enabled: true}}, pageLoadStrategy: normal, unhandledPromptBehavior: accept}]}]\nselenide.url: https://app.testiny.io/\nselenide.baseUrl: https://app.testiny.io\n\torg.openqa.selenium.SessionNotCreatedException: Could not start a new session. Response code 500. Message: session not created: Chrome failed to start: exited normally.\n  (session not created: DevToolsActivePort file doesn't exist)\n  (The process started from chrome location /usr/bin/google-chrome is no longer running, so ChromeDriver is assuming that Chrome has crashed.) \nHost info: host: 'fv-az914-56', ip: '10.1.0.89'\nBuild info: version: '4.19.1', revision: 'abe0ee07dc'\nSystem info: os.name: 'Linux', os.arch: 'amd64', os.version: '6.5.0-1021-azure', java.version: '17.0.11'\nDriver info: org.openqa.selenium.chrome.ChromeDriver\nCommand: [null, newSession {capabilities=[Capabilities {acceptInsecureCerts: true, browserName: chrome, goog:chromeOptions: {args: [--proxy-bypass-list=<-loopb..., --disable-dev-shm-usage, --window-size=1920,1080], binary: /usr/bin/google-chrome, excludeSwitches: [enable-automation, load-extension], extensions: [], prefs: {credentials_enable_service: false, download.default_directory: /home/runner/work/FinalProj..., plugins.always_open_pdf_externally: true, profile.default_content_setting_values.automatic_downloads: 1, profile.password_manager_enabled: false, profile.password_manager_leak_detection: false, safebrowsing.enabled: true}}, pageLoadStrategy: normal, unhandledPromptBehavior: accept}]}]\nselenide.url: https://app.testiny.io/\nselenide.baseUrl: https://app.testiny.io","time":{"start":1717686533264,"stop":1717686533265,"duration":1}}]},"tags":[]},"source":"d4226c6ede0a1ef5.json","parameterValues":[]}